[0.454s] Invoking command in '/home/ryung/Desktop/buf/build/controller': CMAKE_PREFIX_PATH=${CMAKE_PREFIX_PATH}:/home/ryung/Desktop/buf/install/serial_reciver:/home/ryung/Desktop/buf/install/odrive_controller:/home/ryung/Desktop/dubal_ws/install/two_wheel_demo:/home/ryung/Desktop/dubal_ws/install/serial_reciver:/home/ryung/Desktop/dubal_ws/install/odrive_driver:/home/ryung/Desktop/dubal_ws/install/eye_dubal:/opt/ros/foxy /usr/bin/cmake --build /home/ryung/Desktop/buf/build/controller -- -j16 -l16
[0.714s] -- Found ament_cmake: 0.9.12 (/opt/ros/foxy/share/ament_cmake/cmake)
[0.714s] -- Using PYTHON_EXECUTABLE: /usr/bin/python3
[0.714s] -- Found rclcpp: 2.4.3 (/opt/ros/foxy/share/rclcpp/cmake)
[0.714s] -- Using all available rosidl_typesupport_c: rosidl_typesupport_fastrtps_c;rosidl_typesupport_introspection_c
[0.715s] -- Found rosidl_adapter: 1.3.1 (/opt/ros/foxy/share/rosidl_adapter/cmake)
[0.715s] -- Using all available rosidl_typesupport_cpp: rosidl_typesupport_fastrtps_cpp;rosidl_typesupport_introspection_cpp
[0.715s] -- Found rmw_implementation_cmake: 1.0.4 (/opt/ros/foxy/share/rmw_implementation_cmake/cmake)
[0.715s] -- Using RMW implementation 'rmw_fastrtps_cpp' as default
[0.788s] -- Found sensor_msgs: 2.0.5 (/opt/ros/foxy/share/sensor_msgs/cmake)
[0.887s] -- Configuring done
[0.891s] -- Generating done
[0.892s] -- Build files have been written to: /home/ryung/Desktop/buf/build/controller
[0.907s] [35m[1mScanning dependencies of target controller_main[0m
[0.921s] [ 50%] [32mBuilding CXX object CMakeFiles/controller_main.dir/src/controller_main.cpp.o[0m
[1.789s] In file included from [01m[K/home/ryung/Desktop/buf/src/controller/src/controller_main.cpp:5[m[K:
[1.789s] [01m[K/home/ryung/Desktop/buf/src/controller/include/controller_main.h:28:1:[m[K [01;31m[Kerror: [m[Kâ€˜[01m[KKp[m[Kâ€™ does not name a type
[1.790s]    28 | [01;31m[KKp[m[K = {0.0, 0.0, 0.0, 0.0};
[1.790s]       | [01;31m[K^~[m[K
[1.790s] [01m[K/home/ryung/Desktop/buf/src/controller/include/controller_main.h:29:1:[m[K [01;31m[Kerror: [m[Kâ€˜[01m[KKd[m[Kâ€™ does not name a type
[1.790s]    29 | [01;31m[KKd[m[K = {0.0, 0.0, 0.0, 0.0};
[1.790s]       | [01;31m[K^~[m[K
[1.790s] [01m[K/home/ryung/Desktop/buf/src/controller/include/controller_main.h:30:1:[m[K [01;31m[Kerror: [m[Kâ€˜[01m[KKi[m[Kâ€™ does not name a type
[1.790s]    30 | [01;31m[KKi[m[K = {0.0, 0.0, 0.0, 0.0};
[1.790s]       | [01;31m[K^~[m[K
[1.799s] In file included from [01m[K/home/ryung/Desktop/buf/src/controller/src/controller_main.cpp:6[m[K:
[1.799s] [01m[K/home/ryung/Desktop/buf/src/controller/include/controller_main_function.h:[m[K In function â€˜[01m[Kvoid sbus_callback(sensor_msgs::msg::JointState_<std::allocator<void> >::SharedPtr)[m[Kâ€™:
[1.799s] [01m[K/home/ryung/Desktop/buf/src/controller/include/controller_main_function.h:54:20:[m[K [01;31m[Kerror: [m[Kâ€˜[01m[KConnect_state[m[Kâ€™ was not declared in this scope; did you mean â€˜[01m[KConnect_stae[m[Kâ€™?
[1.799s]    54 |     if(ref[3]>0.4) [01;31m[KConnect_state[m[K=true;
[1.799s]       |                    [01;31m[K^~~~~~~~~~~~~[m[K
[1.799s]       |                    [32m[KConnect_stae[m[K
[1.799s] [01m[K/home/ryung/Desktop/buf/src/controller/include/controller_main_function.h:55:10:[m[K [01;31m[Kerror: [m[Kâ€˜[01m[KConnect_state[m[Kâ€™ was not declared in this scope; did you mean â€˜[01m[KConnect_stae[m[Kâ€™?
[1.799s]    55 |     else [01;31m[KConnect_state[m[K=false;
[1.799s]       |          [01;31m[K^~~~~~~~~~~~~[m[K
[1.799s]       |          [32m[KConnect_stae[m[K
[1.800s] [01m[K/home/ryung/Desktop/buf/src/controller/include/controller_main_function.h:59:20:[m[K [01;31m[Kerror: [m[Kâ€˜[01m[KKill_state[m[Kâ€™ was not declared in this scope; did you mean â€˜[01m[KKill_stae[m[Kâ€™?
[1.800s]    59 |     if(ref[4]>0.4) [01;31m[KKill_state[m[K=true;
[1.800s]       |                    [01;31m[K^~~~~~~~~~[m[K
[1.800s]       |                    [32m[KKill_stae[m[K
[1.801s] [01m[K/home/ryung/Desktop/buf/src/controller/include/controller_main_function.h:60:10:[m[K [01;31m[Kerror: [m[Kâ€˜[01m[KKill_state[m[Kâ€™ was not declared in this scope; did you mean â€˜[01m[KKill_stae[m[Kâ€™?
[1.801s]    60 |     else [01;31m[KKill_state[m[K=false;
[1.801s]       |          [01;31m[K^~~~~~~~~~[m[K
[1.801s]       |          [32m[KKill_stae[m[K
[1.801s] [01m[K/home/ryung/Desktop/buf/src/controller/include/controller_main_function.h:[m[K In function â€˜[01m[Kfloat computePID(float, float, float, int)[m[Kâ€™:
[1.801s] [01m[K/home/ryung/Desktop/buf/src/controller/include/controller_main_function.h:101:15:[m[K [01;31m[Kerror: [m[Kâ€˜[01m[KKp[m[Kâ€™ was not declared in this scope
[1.801s]   101 |     float P = [01;31m[KKp[m[K[PID_case] * error;
[1.801s]       |               [01;31m[K^~[m[K
[1.802s] [01m[K/home/ryung/Desktop/buf/src/controller/include/controller_main_function.h:104:20:[m[K [01;31m[Kerror: [m[Kâ€˜[01m[KKi[m[Kâ€™ was not declared in this scope
[1.802s]   104 |     I[PID_case] += [01;31m[KKi[m[K[PID_case] * error * dt;
[1.802s]       |                    [01;31m[K^~[m[K
[1.802s] [01m[K/home/ryung/Desktop/buf/src/controller/include/controller_main_function.h:109:45:[m[K [01;31m[Kerror: [m[Kâ€˜[01m[KKd[m[Kâ€™ was not declared in this scope
[1.803s]   109 |     D[PID_case] = lowpassfilter(D[PID_case],[01;31m[KKd[m[K[PID_case]*(0-vel),0.1);
[1.803s]       |                                             [01;31m[K^~[m[K
[1.803s] [01m[K/home/ryung/Desktop/buf/src/controller/src/controller_main.cpp:[m[K In function â€˜[01m[Kvoid setup()[m[Kâ€™:
[1.803s] [01m[K/home/ryung/Desktop/buf/src/controller/src/controller_main.cpp:10:18:[m[K [01;31m[Kerror: [m[Kâ€˜[01m[Kargc[m[Kâ€™ was not declared in this scope
[1.803s]    10 |     rclcpp::init([01;31m[Kargc[m[K, argv);
[1.803s]       |                  [01;31m[K^~~~[m[K
[1.804s] [01m[K/home/ryung/Desktop/buf/src/controller/src/controller_main.cpp:10:24:[m[K [01;31m[Kerror: [m[Kâ€˜[01m[Kargv[m[Kâ€™ was not declared in this scope
[1.804s]    10 |     rclcpp::init(argc, [01;31m[Kargv[m[K);
[1.804s]       |                        [01;31m[K^~~~[m[K
[1.809s] [01m[K/home/ryung/Desktop/buf/src/controller/src/controller_main.cpp:14:10:[m[K [01;31m[Kerror: [m[Kconflicting declaration â€˜[01m[Kauto sbus_subscription[m[Kâ€™
[1.809s]    14 |     auto [01;31m[Ksbus_subscription[m[K = node->create_subscription<sensor_msgs::msg::JointState>("gps_data", 10, gps_callback);
[1.809s]       |          [01;31m[K^~~~~~~~~~~~~~~~~[m[K
[1.809s] [01m[K/home/ryung/Desktop/buf/src/controller/src/controller_main.cpp:13:10:[m[K [01;36m[Knote: [m[Kprevious declaration as â€˜[01m[Kstd::shared_ptr<rclcpp::Subscription<sensor_msgs::msg::JointState_<std::allocator<void> >, std::allocator<void>, rclcpp::message_memory_strategy::MessageMemoryStrategy<sensor_msgs::msg::JointState_<std::allocator<void> >, std::allocator<void> > > > sbus_subscription[m[Kâ€™
[1.809s]    13 |     auto [01;36m[Ksbus_subscription[m[K = node->create_subscription<sensor_msgs::msg::JointState>("sbus_data", 10, sbus_callback);
[1.809s]       |          [01;36m[K^~~~~~~~~~~~~~~~~[m[K
[1.812s] [01m[K/home/ryung/Desktop/buf/src/controller/src/controller_main.cpp:18:5:[m[K [01;31m[Kerror: [m[Kâ€˜[01m[Kodrive_msg_0[m[Kâ€™ was not declared in this scope
[1.812s]    18 |     [01;31m[Kodrive_msg_0[m[K.data.resize(1);
[1.812s]       |     [01;31m[K^~~~~~~~~~~~[m[K
[1.812s] [01m[K/home/ryung/Desktop/buf/src/controller/src/controller_main.cpp:22:77:[m[K [01;31m[Kerror: [m[Kâ€˜[01m[KJointState[m[Kâ€™ is not a member of â€˜[01m[Kstd_msgs::msg[m[Kâ€™; did you mean â€˜[01m[Ksensor_msgs::msg::JointState[m[Kâ€™?
[1.813s]    22 |     auto controller_input_publisher = node->create_publisher<std_msgs::msg::[01;31m[KJointState[m[K>("/controller_input_data", 10);
[1.813s]       |                                                                             [01;31m[K^~~~~~~~~~[m[K
[1.813s] In file included from [01m[K/opt/ros/foxy/include/sensor_msgs/msg/joint_state.hpp:7[m[K,
[1.813s]                  from [01m[K/home/ryung/Desktop/buf/src/controller/src/controller_main.cpp:2[m[K:
[1.813s] [01m[K/opt/ros/foxy/include/sensor_msgs/msg/detail/joint_state__struct.hpp:166:7:[m[K [01;36m[Knote: [m[Kâ€˜[01m[Ksensor_msgs::msg::JointState[m[Kâ€™ declared here
[1.813s]   166 | using [01;36m[KJointState[m[K =
[1.813s]       |       [01;36m[K^~~~~~~~~~[m[K
[1.813s] [01m[K/home/ryung/Desktop/buf/src/controller/src/controller_main.cpp:22:77:[m[K [01;31m[Kerror: [m[Kâ€˜[01m[KJointState[m[Kâ€™ is not a member of â€˜[01m[Kstd_msgs::msg[m[Kâ€™; did you mean â€˜[01m[Ksensor_msgs::msg::JointState[m[Kâ€™?
[1.813s]    22 |     auto controller_input_publisher = node->create_publisher<std_msgs::msg::[01;31m[KJointState[m[K>("/controller_input_data", 10);
[1.813s]       |                                                                             [01;31m[K^~~~~~~~~~[m[K
[1.813s] In file included from [01m[K/opt/ros/foxy/include/sensor_msgs/msg/joint_state.hpp:7[m[K,
[1.813s]                  from [01m[K/home/ryung/Desktop/buf/src/controller/src/controller_main.cpp:2[m[K:
[1.813s] [01m[K/opt/ros/foxy/include/sensor_msgs/msg/detail/joint_state__struct.hpp:166:7:[m[K [01;36m[Knote: [m[Kâ€˜[01m[Ksensor_msgs::msg::JointState[m[Kâ€™ declared here
[1.813s]   166 | using [01;36m[KJointState[m[K =
[1.813s]       |       [01;36m[K^~~~~~~~~~[m[K
[1.813s] [01m[K/home/ryung/Desktop/buf/src/controller/src/controller_main.cpp:22:117:[m[K [01;31m[Kerror: [m[Kno matching function for call to â€˜[01m[Krclcpp::Node::create_publisher<<expression error> >(const char [23], int)[m[Kâ€™
[1.813s]    22 |     auto controller_input_publisher = node->create_publisher<std_msgs::msg::JointState>("/controller_input_data", 10[01;31m[K)[m[K;
[1.813s]       |                                                                                                                     [01;31m[K^[m[K
[1.813s] In file included from [01m[K/opt/ros/foxy/include/rclcpp/node.hpp:1224[m[K,
[1.813s]                  from [01m[K/opt/ros/foxy/include/rclcpp/executors/single_threaded_executor.hpp:28[m[K,
[1.813s]                  from [01m[K/opt/ros/foxy/include/rclcpp/executors.hpp:22[m[K,
[1.813s]                  from [01m[K/opt/ros/foxy/include/rclcpp/rclcpp.hpp:146[m[K,
[1.813s]                  from [01m[K/home/ryung/Desktop/buf/src/controller/src/controller_main.cpp:1[m[K:
[1.813s] [01m[K/opt/ros/foxy/include/rclcpp/node_impl.hpp:71:1:[m[K [01;36m[Knote: [m[Kcandidate: â€˜[01m[Ktemplate<class MessageT, class AllocatorT, class PublisherT> std::shared_ptr<PublisherT> rclcpp::Node::create_publisher(const string&, const rclcpp::QoS&, const rclcpp::PublisherOptionsWithAllocator<AllocatorT>&)[m[Kâ€™
[1.813s]    71 | [01;36m[KNode[m[K::create_publisher(
[1.813s]       | [01;36m[K^~~~[m[K
[1.813s] [01m[K/opt/ros/foxy/include/rclcpp/node_impl.hpp:71:1:[m[K [01;36m[Knote: [m[K  template argument deduction/substitution failed:
[1.813s] [01m[K/home/ryung/Desktop/buf/src/controller/src/controller_main.cpp:22:117:[m[K [01;31m[Kerror: [m[Ktemplate argument 1 is invalid
[1.813s]    22 |     auto controller_input_publisher = node->create_publisher<std_msgs::msg::JointState>("/controller_input_data", 10[01;31m[K)[m[K;
[1.813s]       |                                                                                                                     [01;31m[K^[m[K
[1.813s] [01m[K/home/ryung/Desktop/buf/src/controller/src/controller_main.cpp:26:20:[m[K [01;31m[Kerror: [m[Kâ€˜[01m[KJointState[m[Kâ€™ is not a member of â€˜[01m[Kstd_msgs::msg[m[Kâ€™; did you mean â€˜[01m[Ksensor_msgs::msg::JointState[m[Kâ€™?
[1.813s]    26 |     std_msgs::msg::[01;31m[KJointState[m[K controller_input_data; //data plot
[1.814s]       |                    [01;31m[K^~~~~~~~~~[m[K
[1.814s] In file included from [01m[K/opt/ros/foxy/include/sensor_msgs/msg/joint_state.hpp:7[m[K,
[1.814s]                  from [01m[K/home/ryung/Desktop/buf/src/controller/src/controller_main.cpp:2[m[K:
[1.814s] [01m[K/opt/ros/foxy/include/sensor_msgs/msg/detail/joint_state__struct.hpp:166:7:[m[K [01;36m[Knote: [m[Kâ€˜[01m[Ksensor_msgs::msg::JointState[m[Kâ€™ declared here
[1.814s]   166 | using [01;36m[KJointState[m[K =
[1.814s]       |       [01;36m[K^~~~~~~~~~[m[K
[1.814s] [01m[K/home/ryung/Desktop/buf/src/controller/src/controller_main.cpp:[m[K In function â€˜[01m[Kint main(int, char**)[m[Kâ€™:
[1.814s] [01m[K/home/ryung/Desktop/buf/src/controller/src/controller_main.cpp:34:17:[m[K [01;31m[Kerror: [m[Kâ€˜[01m[Knode[m[Kâ€™ was not declared in this scope
[1.814s]    34 |     last_time = [01;31m[Knode[m[K->now();
[1.814s]       |                 [01;31m[K^~~~[m[K
[1.814s] [01m[K/home/ryung/Desktop/buf/src/controller/src/controller_main.cpp:55:62:[m[K [01;31m[Kerror: [m[Kâ€˜[01m[KKp3[m[Kâ€™ was not declared in this scope
[1.814s]    55 |         heading_CMD = computePID(ref[0], imu_psi_dot, dt, 3, [01;31m[KKp3[m[K, Ki3, Kd3);
[1.814s]       |                                                              [01;31m[K^~~[m[K
[1.815s] [01m[K/home/ryung/Desktop/buf/src/controller/src/controller_main.cpp:55:67:[m[K [01;31m[Kerror: [m[Kâ€˜[01m[KKi3[m[Kâ€™ was not declared in this scope
[1.815s]    55 |         heading_CMD = computePID(ref[0], imu_psi_dot, dt, 3, Kp3, [01;31m[KKi3[m[K, Kd3);
[1.815s]       |                                                                   [01;31m[K^~~[m[K
[1.815s] [01m[K/home/ryung/Desktop/buf/src/controller/src/controller_main.cpp:55:72:[m[K [01;31m[Kerror: [m[Kâ€˜[01m[KKd3[m[Kâ€™ was not declared in this scope
[1.815s]    55 |         heading_CMD = computePID(ref[0], imu_psi_dot, dt, 3, Kp3, Ki3, [01;31m[KKd3[m[K);
[1.815s]       |                                                                        [01;31m[K^~~[m[K
[1.817s] [01m[K/home/ryung/Desktop/buf/src/controller/src/controller_main.cpp:66:9:[m[K [01;31m[Kerror: [m[Kâ€˜[01m[Kodrive_msg_0[m[Kâ€™ was not declared in this scope
[1.817s]    66 |         [01;31m[Kodrive_msg_0[m[K.data[0] = Motor_L_cmd;
[1.817s]       |         [01;31m[K^~~~~~~~~~~~[m[K
[1.818s] [01m[K/home/ryung/Desktop/buf/src/controller/src/controller_main.cpp:67:9:[m[K [01;31m[Kerror: [m[Kâ€˜[01m[Kodrive_publisher_0[m[Kâ€™ was not declared in this scope; did you mean â€˜[01m[Krcl_publisher_t[m[Kâ€™?
[1.819s]    67 |         [01;31m[Kodrive_publisher_0[m[K->publish(odrive_msg_0);
[1.819s]       |         [01;31m[K^~~~~~~~~~~~~~~~~~[m[K
[1.819s]       |         [32m[Krcl_publisher_t[m[K
[1.821s] [01m[K/home/ryung/Desktop/buf/src/controller/src/controller_main.cpp:78:9:[m[K [01;31m[Kerror: [m[Kâ€˜[01m[Kcontroller_input_publisher[m[Kâ€™ was not declared in this scope; did you mean â€˜[01m[Kcontroller_input_msg[m[Kâ€™?
[1.821s]    78 |         [01;31m[Kcontroller_input_publisher[m[K->publish(controller_input_msg);
[1.821s]       |         [01;31m[K^~~~~~~~~~~~~~~~~~~~~~~~~~[m[K
[1.821s]       |         [32m[Kcontroller_input_msg[m[K
[2.602s] make[2]: *** [CMakeFiles/controller_main.dir/build.make:63: CMakeFiles/controller_main.dir/src/controller_main.cpp.o] Error 1
[2.602s] make[1]: *** [CMakeFiles/Makefile2:78: CMakeFiles/controller_main.dir/all] Error 2
[2.602s] make: *** [Makefile:141: all] Error 2
[2.603s] Invoked command in '/home/ryung/Desktop/buf/build/controller' returned '2': CMAKE_PREFIX_PATH=${CMAKE_PREFIX_PATH}:/home/ryung/Desktop/buf/install/serial_reciver:/home/ryung/Desktop/buf/install/odrive_controller:/home/ryung/Desktop/dubal_ws/install/two_wheel_demo:/home/ryung/Desktop/dubal_ws/install/serial_reciver:/home/ryung/Desktop/dubal_ws/install/odrive_driver:/home/ryung/Desktop/dubal_ws/install/eye_dubal:/opt/ros/foxy /usr/bin/cmake --build /home/ryung/Desktop/buf/build/controller -- -j16 -l16
