[35m[1mScanning dependencies of target controller_main[0m
[ 50%] [32mBuilding CXX object CMakeFiles/controller_main.dir/src/controller_main.cpp.o[0m
In file included from [01m[K/home/ryung/Desktop/buf/src/controller/src/controller_main.cpp:5[m[K:
[01m[K/home/ryung/Desktop/buf/src/controller/include/controller_main.h:28:1:[m[K [01;31m[Kerror: [m[Kâ€˜[01m[KKp[m[Kâ€™ does not name a type
   28 | [01;31m[KKp[m[K = {0.0, 0.0, 0.0, 0.0};
      | [01;31m[K^~[m[K
[01m[K/home/ryung/Desktop/buf/src/controller/include/controller_main.h:29:1:[m[K [01;31m[Kerror: [m[Kâ€˜[01m[KKd[m[Kâ€™ does not name a type
   29 | [01;31m[KKd[m[K = {0.0, 0.0, 0.0, 0.0};
      | [01;31m[K^~[m[K
[01m[K/home/ryung/Desktop/buf/src/controller/include/controller_main.h:30:1:[m[K [01;31m[Kerror: [m[Kâ€˜[01m[KKi[m[Kâ€™ does not name a type
   30 | [01;31m[KKi[m[K = {0.0, 0.0, 0.0, 0.0};
      | [01;31m[K^~[m[K
In file included from [01m[K/home/ryung/Desktop/buf/src/controller/src/controller_main.cpp:6[m[K:
[01m[K/home/ryung/Desktop/buf/src/controller/include/controller_main_function.h:[m[K In function â€˜[01m[Kvoid sbus_callback(sensor_msgs::msg::JointState_<std::allocator<void> >::SharedPtr)[m[Kâ€™:
[01m[K/home/ryung/Desktop/buf/src/controller/include/controller_main_function.h:54:20:[m[K [01;31m[Kerror: [m[Kâ€˜[01m[KConnect_state[m[Kâ€™ was not declared in this scope; did you mean â€˜[01m[KConnect_stae[m[Kâ€™?
   54 |     if(ref[3]>0.4) [01;31m[KConnect_state[m[K=true;
      |                    [01;31m[K^~~~~~~~~~~~~[m[K
      |                    [32m[KConnect_stae[m[K
[01m[K/home/ryung/Desktop/buf/src/controller/include/controller_main_function.h:55:10:[m[K [01;31m[Kerror: [m[Kâ€˜[01m[KConnect_state[m[Kâ€™ was not declared in this scope; did you mean â€˜[01m[KConnect_stae[m[Kâ€™?
   55 |     else [01;31m[KConnect_state[m[K=false;
      |          [01;31m[K^~~~~~~~~~~~~[m[K
      |          [32m[KConnect_stae[m[K
[01m[K/home/ryung/Desktop/buf/src/controller/include/controller_main_function.h:59:20:[m[K [01;31m[Kerror: [m[Kâ€˜[01m[KKill_state[m[Kâ€™ was not declared in this scope; did you mean â€˜[01m[KKill_stae[m[Kâ€™?
   59 |     if(ref[4]>0.4) [01;31m[KKill_state[m[K=true;
      |                    [01;31m[K^~~~~~~~~~[m[K
      |                    [32m[KKill_stae[m[K
[01m[K/home/ryung/Desktop/buf/src/controller/include/controller_main_function.h:60:10:[m[K [01;31m[Kerror: [m[Kâ€˜[01m[KKill_state[m[Kâ€™ was not declared in this scope; did you mean â€˜[01m[KKill_stae[m[Kâ€™?
   60 |     else [01;31m[KKill_state[m[K=false;
      |          [01;31m[K^~~~~~~~~~[m[K
      |          [32m[KKill_stae[m[K
[01m[K/home/ryung/Desktop/buf/src/controller/include/controller_main_function.h:[m[K In function â€˜[01m[Kfloat computePID(float, float, float, int)[m[Kâ€™:
[01m[K/home/ryung/Desktop/buf/src/controller/include/controller_main_function.h:101:15:[m[K [01;31m[Kerror: [m[Kâ€˜[01m[KKp[m[Kâ€™ was not declared in this scope
  101 |     float P = [01;31m[KKp[m[K[PID_case] * error;
      |               [01;31m[K^~[m[K
[01m[K/home/ryung/Desktop/buf/src/controller/include/controller_main_function.h:104:20:[m[K [01;31m[Kerror: [m[Kâ€˜[01m[KKi[m[Kâ€™ was not declared in this scope
  104 |     I[PID_case] += [01;31m[KKi[m[K[PID_case] * error * dt;
      |                    [01;31m[K^~[m[K
[01m[K/home/ryung/Desktop/buf/src/controller/include/controller_main_function.h:109:45:[m[K [01;31m[Kerror: [m[Kâ€˜[01m[KKd[m[Kâ€™ was not declared in this scope
  109 |     D[PID_case] = lowpassfilter(D[PID_case],[01;31m[KKd[m[K[PID_case]*(0-vel),0.1);
      |                                             [01;31m[K^~[m[K
[01m[K/home/ryung/Desktop/buf/src/controller/src/controller_main.cpp:[m[K In function â€˜[01m[Kvoid setup()[m[Kâ€™:
[01m[K/home/ryung/Desktop/buf/src/controller/src/controller_main.cpp:10:18:[m[K [01;31m[Kerror: [m[Kâ€˜[01m[Kargc[m[Kâ€™ was not declared in this scope
   10 |     rclcpp::init([01;31m[Kargc[m[K, argv);
      |                  [01;31m[K^~~~[m[K
[01m[K/home/ryung/Desktop/buf/src/controller/src/controller_main.cpp:10:24:[m[K [01;31m[Kerror: [m[Kâ€˜[01m[Kargv[m[Kâ€™ was not declared in this scope
   10 |     rclcpp::init(argc, [01;31m[Kargv[m[K);
      |                        [01;31m[K^~~~[m[K
[01m[K/home/ryung/Desktop/buf/src/controller/src/controller_main.cpp:14:10:[m[K [01;31m[Kerror: [m[Kconflicting declaration â€˜[01m[Kauto sbus_subscription[m[Kâ€™
   14 |     auto [01;31m[Ksbus_subscription[m[K = node->create_subscription<sensor_msgs::msg::JointState>("gps_data", 10, gps_callback);
      |          [01;31m[K^~~~~~~~~~~~~~~~~[m[K
[01m[K/home/ryung/Desktop/buf/src/controller/src/controller_main.cpp:13:10:[m[K [01;36m[Knote: [m[Kprevious declaration as â€˜[01m[Kstd::shared_ptr<rclcpp::Subscription<sensor_msgs::msg::JointState_<std::allocator<void> >, std::allocator<void>, rclcpp::message_memory_strategy::MessageMemoryStrategy<sensor_msgs::msg::JointState_<std::allocator<void> >, std::allocator<void> > > > sbus_subscription[m[Kâ€™
   13 |     auto [01;36m[Ksbus_subscription[m[K = node->create_subscription<sensor_msgs::msg::JointState>("sbus_data", 10, sbus_callback);
      |          [01;36m[K^~~~~~~~~~~~~~~~~[m[K
[01m[K/home/ryung/Desktop/buf/src/controller/src/controller_main.cpp:18:5:[m[K [01;31m[Kerror: [m[Kâ€˜[01m[Kodrive_msg_0[m[Kâ€™ was not declared in this scope
   18 |     [01;31m[Kodrive_msg_0[m[K.data.resize(1);
      |     [01;31m[K^~~~~~~~~~~~[m[K
[01m[K/home/ryung/Desktop/buf/src/controller/src/controller_main.cpp:22:77:[m[K [01;31m[Kerror: [m[Kâ€˜[01m[KJointState[m[Kâ€™ is not a member of â€˜[01m[Kstd_msgs::msg[m[Kâ€™; did you mean â€˜[01m[Ksensor_msgs::msg::JointState[m[Kâ€™?
   22 |     auto controller_input_publisher = node->create_publisher<std_msgs::msg::[01;31m[KJointState[m[K>("/controller_input_data", 10);
      |                                                                             [01;31m[K^~~~~~~~~~[m[K
In file included from [01m[K/opt/ros/foxy/include/sensor_msgs/msg/joint_state.hpp:7[m[K,
                 from [01m[K/home/ryung/Desktop/buf/src/controller/src/controller_main.cpp:2[m[K:
[01m[K/opt/ros/foxy/include/sensor_msgs/msg/detail/joint_state__struct.hpp:166:7:[m[K [01;36m[Knote: [m[Kâ€˜[01m[Ksensor_msgs::msg::JointState[m[Kâ€™ declared here
  166 | using [01;36m[KJointState[m[K =
      |       [01;36m[K^~~~~~~~~~[m[K
[01m[K/home/ryung/Desktop/buf/src/controller/src/controller_main.cpp:22:77:[m[K [01;31m[Kerror: [m[Kâ€˜[01m[KJointState[m[Kâ€™ is not a member of â€˜[01m[Kstd_msgs::msg[m[Kâ€™; did you mean â€˜[01m[Ksensor_msgs::msg::JointState[m[Kâ€™?
   22 |     auto controller_input_publisher = node->create_publisher<std_msgs::msg::[01;31m[KJointState[m[K>("/controller_input_data", 10);
      |                                                                             [01;31m[K^~~~~~~~~~[m[K
In file included from [01m[K/opt/ros/foxy/include/sensor_msgs/msg/joint_state.hpp:7[m[K,
                 from [01m[K/home/ryung/Desktop/buf/src/controller/src/controller_main.cpp:2[m[K:
[01m[K/opt/ros/foxy/include/sensor_msgs/msg/detail/joint_state__struct.hpp:166:7:[m[K [01;36m[Knote: [m[Kâ€˜[01m[Ksensor_msgs::msg::JointState[m[Kâ€™ declared here
  166 | using [01;36m[KJointState[m[K =
      |       [01;36m[K^~~~~~~~~~[m[K
[01m[K/home/ryung/Desktop/buf/src/controller/src/controller_main.cpp:22:117:[m[K [01;31m[Kerror: [m[Kno matching function for call to â€˜[01m[Krclcpp::Node::create_publisher<<expression error> >(const char [23], int)[m[Kâ€™
   22 |     auto controller_input_publisher = node->create_publisher<std_msgs::msg::JointState>("/controller_input_data", 10[01;31m[K)[m[K;
      |                                                                                                                     [01;31m[K^[m[K
In file included from [01m[K/opt/ros/foxy/include/rclcpp/node.hpp:1224[m[K,
                 from [01m[K/opt/ros/foxy/include/rclcpp/executors/single_threaded_executor.hpp:28[m[K,
                 from [01m[K/opt/ros/foxy/include/rclcpp/executors.hpp:22[m[K,
                 from [01m[K/opt/ros/foxy/include/rclcpp/rclcpp.hpp:146[m[K,
                 from [01m[K/home/ryung/Desktop/buf/src/controller/src/controller_main.cpp:1[m[K:
[01m[K/opt/ros/foxy/include/rclcpp/node_impl.hpp:71:1:[m[K [01;36m[Knote: [m[Kcandidate: â€˜[01m[Ktemplate<class MessageT, class AllocatorT, class PublisherT> std::shared_ptr<PublisherT> rclcpp::Node::create_publisher(const string&, const rclcpp::QoS&, const rclcpp::PublisherOptionsWithAllocator<AllocatorT>&)[m[Kâ€™
   71 | [01;36m[KNode[m[K::create_publisher(
      | [01;36m[K^~~~[m[K
[01m[K/opt/ros/foxy/include/rclcpp/node_impl.hpp:71:1:[m[K [01;36m[Knote: [m[K  template argument deduction/substitution failed:
[01m[K/home/ryung/Desktop/buf/src/controller/src/controller_main.cpp:22:117:[m[K [01;31m[Kerror: [m[Ktemplate argument 1 is invalid
   22 |     auto controller_input_publisher = node->create_publisher<std_msgs::msg::JointState>("/controller_input_data", 10[01;31m[K)[m[K;
      |                                                                                                                     [01;31m[K^[m[K
[01m[K/home/ryung/Desktop/buf/src/controller/src/controller_main.cpp:26:20:[m[K [01;31m[Kerror: [m[Kâ€˜[01m[KJointState[m[Kâ€™ is not a member of â€˜[01m[Kstd_msgs::msg[m[Kâ€™; did you mean â€˜[01m[Ksensor_msgs::msg::JointState[m[Kâ€™?
   26 |     std_msgs::msg::[01;31m[KJointState[m[K controller_input_data; //data plot
      |                    [01;31m[K^~~~~~~~~~[m[K
In file included from [01m[K/opt/ros/foxy/include/sensor_msgs/msg/joint_state.hpp:7[m[K,
                 from [01m[K/home/ryung/Desktop/buf/src/controller/src/controller_main.cpp:2[m[K:
[01m[K/opt/ros/foxy/include/sensor_msgs/msg/detail/joint_state__struct.hpp:166:7:[m[K [01;36m[Knote: [m[Kâ€˜[01m[Ksensor_msgs::msg::JointState[m[Kâ€™ declared here
  166 | using [01;36m[KJointState[m[K =
      |       [01;36m[K^~~~~~~~~~[m[K
[01m[K/home/ryung/Desktop/buf/src/controller/src/controller_main.cpp:[m[K In function â€˜[01m[Kint main(int, char**)[m[Kâ€™:
[01m[K/home/ryung/Desktop/buf/src/controller/src/controller_main.cpp:34:17:[m[K [01;31m[Kerror: [m[Kâ€˜[01m[Knode[m[Kâ€™ was not declared in this scope
   34 |     last_time = [01;31m[Knode[m[K->now();
      |                 [01;31m[K^~~~[m[K
[01m[K/home/ryung/Desktop/buf/src/controller/src/controller_main.cpp:66:9:[m[K [01;31m[Kerror: [m[Kâ€˜[01m[Kodrive_msg_0[m[Kâ€™ was not declared in this scope
   66 |         [01;31m[Kodrive_msg_0[m[K.data[0] = Motor_L_cmd;
      |         [01;31m[K^~~~~~~~~~~~[m[K
[01m[K/home/ryung/Desktop/buf/src/controller/src/controller_main.cpp:67:9:[m[K [01;31m[Kerror: [m[Kâ€˜[01m[Kodrive_publisher_0[m[Kâ€™ was not declared in this scope; did you mean â€˜[01m[Krcl_publisher_t[m[Kâ€™?
   67 |         [01;31m[Kodrive_publisher_0[m[K->publish(odrive_msg_0);
      |         [01;31m[K^~~~~~~~~~~~~~~~~~[m[K
      |         [32m[Krcl_publisher_t[m[K
[01m[K/home/ryung/Desktop/buf/src/controller/src/controller_main.cpp:78:9:[m[K [01;31m[Kerror: [m[Kâ€˜[01m[Kcontroller_input_publisher[m[Kâ€™ was not declared in this scope; did you mean â€˜[01m[Kcontroller_input_msg[m[Kâ€™?
   78 |         [01;31m[Kcontroller_input_publisher[m[K->publish(controller_input_msg);
      |         [01;31m[K^~~~~~~~~~~~~~~~~~~~~~~~~~[m[K
      |         [32m[Kcontroller_input_msg[m[K
make[2]: *** [CMakeFiles/controller_main.dir/build.make:63: CMakeFiles/controller_main.dir/src/controller_main.cpp.o] Error 1
make[1]: *** [CMakeFiles/Makefile2:78: CMakeFiles/controller_main.dir/all] Error 2
make: *** [Makefile:141: all] Error 2
