[35m[1mScanning dependencies of target controller_main[0m
[ 50%] [32mBuilding CXX object CMakeFiles/controller_main.dir/src/controller_main.cpp.o[0m
In file included from [01m[K/home/ryung/Desktop/buf/src/controller/src/controller_main.cpp:5[m[K:
[01m[K/home/ryung/Desktop/buf/src/controller/include/controller_main.h:28:1:[m[K [01;31m[Kerror: [m[Kâ€˜[01m[KKp[m[Kâ€™ does not name a type
   28 | [01;31m[KKp[m[K = {0.0, 0.0, 0.0, 0.0};
      | [01;31m[K^~[m[K
[01m[K/home/ryung/Desktop/buf/src/controller/include/controller_main.h:29:1:[m[K [01;31m[Kerror: [m[Kâ€˜[01m[KKd[m[Kâ€™ does not name a type
   29 | [01;31m[KKd[m[K = {0.0, 0.0, 0.0, 0.0};
      | [01;31m[K^~[m[K
[01m[K/home/ryung/Desktop/buf/src/controller/include/controller_main.h:30:1:[m[K [01;31m[Kerror: [m[Kâ€˜[01m[KKi[m[Kâ€™ does not name a type
   30 | [01;31m[KKi[m[K = {0.0, 0.0, 0.0, 0.0};
      | [01;31m[K^~[m[K
In file included from [01m[K/home/ryung/Desktop/buf/src/controller/src/controller_main.cpp:6[m[K:
[01m[K/home/ryung/Desktop/buf/src/controller/include/controller_main_function.h:[m[K In function â€˜[01m[Kfloat computePID(float, float, float, int)[m[Kâ€™:
[01m[K/home/ryung/Desktop/buf/src/controller/include/controller_main_function.h:101:15:[m[K [01;31m[Kerror: [m[Kâ€˜[01m[KKp[m[Kâ€™ was not declared in this scope
  101 |     float P = [01;31m[KKp[m[K[PID_case] * error;
      |               [01;31m[K^~[m[K
[01m[K/home/ryung/Desktop/buf/src/controller/include/controller_main_function.h:104:20:[m[K [01;31m[Kerror: [m[Kâ€˜[01m[KKi[m[Kâ€™ was not declared in this scope
  104 |     I[PID_case] += [01;31m[KKi[m[K[PID_case] * error * dt;
      |                    [01;31m[K^~[m[K
[01m[K/home/ryung/Desktop/buf/src/controller/include/controller_main_function.h:109:45:[m[K [01;31m[Kerror: [m[Kâ€˜[01m[KKd[m[Kâ€™ was not declared in this scope
  109 |     D[PID_case] = lowpassfilter(D[PID_case],[01;31m[KKd[m[K[PID_case]*(0-vel),0.1);
      |                                             [01;31m[K^~[m[K
make[2]: *** [CMakeFiles/controller_main.dir/build.make:63: CMakeFiles/controller_main.dir/src/controller_main.cpp.o] Error 1
make[1]: *** [CMakeFiles/Makefile2:78: CMakeFiles/controller_main.dir/all] Error 2
make: *** [Makefile:141: all] Error 2
