[ 50%] [32mBuilding CXX object CMakeFiles/controller_main.dir/src/controller_main.cpp.o[0m
[01m[K/home/ryung/Desktop/buf/src/controller/src/controller_main.cpp:[m[K In function â€˜[01m[Kvoid balancing_controller()[m[Kâ€™:
[01m[K/home/ryung/Desktop/buf/src/controller/src/controller_main.cpp:14:15:[m[K [01;31m[Kerror: [m[Kâ€˜[01m[Kradians[m[Kâ€™ was not declared in this scope
   14 |     ref_theta=[01;31m[Kradians[m[K(-3); //example
      |               [01;31m[K^~~~~~~[m[K
make[2]: *** [CMakeFiles/controller_main.dir/build.make:63: CMakeFiles/controller_main.dir/src/controller_main.cpp.o] Error 1
make[1]: *** [CMakeFiles/Makefile2:78: CMakeFiles/controller_main.dir/all] Error 2
make: *** [Makefile:141: all] Error 2
