[0.470s] Invoking command in '/home/ryung/Desktop/buf/build/controller': CMAKE_PREFIX_PATH=${CMAKE_PREFIX_PATH}:/home/ryung/Desktop/buf/install/serial_reciver:/home/ryung/Desktop/buf/install/odrive_controller:/home/ryung/Desktop/dubal_ws/install/two_wheel_demo:/home/ryung/Desktop/dubal_ws/install/serial_reciver:/home/ryung/Desktop/dubal_ws/install/odrive_driver:/home/ryung/Desktop/dubal_ws/install/eye_dubal:/opt/ros/foxy /usr/bin/cmake --build /home/ryung/Desktop/buf/build/controller -- -j16 -l16
[0.750s] [35m[1mScanning dependencies of target controller_main[0m
[0.751s] [ 50%] [32mBuilding CXX object CMakeFiles/controller_main.dir/src/controller_main.cpp.o[0m
[1.176s] In file included from [01m[K/home/ryung/Desktop/buf/src/controller/src/controller_main.cpp:2[m[K:
[1.176s] [01m[K/home/ryung/Desktop/buf/src/controller/include/controller_main_function.h:[m[K In function â€˜[01m[Kvoid dubal_vel_callback(sensor_msgs::msg::JointState_<std::allocator<void> >::SharedPtr)[m[Kâ€™:
[1.176s] [01m[K/home/ryung/Desktop/buf/src/controller/include/controller_main_function.h:64:38:[m[K [01;31m[Kerror: [m[Kâ€˜[01m[Kdubal_vel_value[m[Kâ€™ was not declared in this scope; did you mean â€˜[01m[Kdubal_vel_callback[m[Kâ€™?
[1.176s]    64 |         odrive_L_vel = lowpassfilter([01;31m[Kdubal_vel_value[m[K, msg->velocity[0], 0.99);
[1.176s]       |                                      [01;31m[K^~~~~~~~~~~~~~~[m[K
[1.176s]       |                                      [32m[Kdubal_vel_callback[m[K
[1.187s] [01m[K/home/ryung/Desktop/buf/src/controller/src/controller_main.cpp:[m[K In function â€˜[01m[Kint main(int, char**)[m[Kâ€™:
[1.188s] [01m[K/home/ryung/Desktop/buf/src/controller/src/controller_main.cpp:86:44:[m[K [01;31m[Kerror: [m[Kâ€˜[01m[Kdubal_vel_value[m[Kâ€™ was not declared in this scope; did you mean â€˜[01m[Kdubal_vel_callback[m[Kâ€™?
[1.188s]    86 |         controller_input_msg.velocity[0] = [01;31m[Kdubal_vel_value[m[K;
[1.188s]       |                                            [01;31m[K^~~~~~~~~~~~~~~[m[K
[1.188s]       |                                            [32m[Kdubal_vel_callback[m[K
[1.199s] In file included from [01m[K/opt/ros/foxy/include/rclcpp/client.hpp:40[m[K,
[1.199s]                  from [01m[K/opt/ros/foxy/include/rclcpp/callback_group.hpp:23[m[K,
[1.199s]                  from [01m[K/opt/ros/foxy/include/rclcpp/any_executable.hpp:20[m[K,
[1.199s]                  from [01m[K/opt/ros/foxy/include/rclcpp/memory_strategy.hpp:24[m[K,
[1.199s]                  from [01m[K/opt/ros/foxy/include/rclcpp/memory_strategies.hpp:18[m[K,
[1.199s]                  from [01m[K/opt/ros/foxy/include/rclcpp/executor_options.hpp:20[m[K,
[1.199s]                  from [01m[K/opt/ros/foxy/include/rclcpp/executor.hpp:33[m[K,
[1.199s]                  from [01m[K/opt/ros/foxy/include/rclcpp/executors/multi_threaded_executor.hpp:26[m[K,
[1.199s]                  from [01m[K/opt/ros/foxy/include/rclcpp/executors.hpp:21[m[K,
[1.199s]                  from [01m[K/opt/ros/foxy/include/rclcpp/rclcpp.hpp:146[m[K,
[1.200s]                  from [01m[K/home/ryung/Desktop/buf/src/controller/include/controller_main.h:5[m[K,
[1.200s]                  from [01m[K/home/ryung/Desktop/buf/src/controller/src/controller_main.cpp:1[m[K:
[1.200s] [01m[K/home/ryung/Desktop/buf/src/controller/src/controller_main.cpp:96:118:[m[K [01;31m[Kerror: [m[Kâ€˜[01m[Kdubal_pos_value[m[Kâ€™ was not declared in this scope
[1.200s]    96 | eading=%f thrust=%f Connect=%f kill=%f u=%f",  computePID(0, [01;31m[Kdubal_pos_value[m[K, 0, dt, 0), ref[1], ref[3], ref[4], Motor_L_cmd);
[1.200s]       |                                                              [01;31m[K^~~~~~~~~~~~~~~[m[K
[1.200s] 
[2.033s] make[2]: *** [CMakeFiles/controller_main.dir/build.make:63: CMakeFiles/controller_main.dir/src/controller_main.cpp.o] Error 1
[2.033s] make[1]: *** [CMakeFiles/Makefile2:78: CMakeFiles/controller_main.dir/all] Error 2
[2.033s] make: *** [Makefile:141: all] Error 2
[2.034s] Invoked command in '/home/ryung/Desktop/buf/build/controller' returned '2': CMAKE_PREFIX_PATH=${CMAKE_PREFIX_PATH}:/home/ryung/Desktop/buf/install/serial_reciver:/home/ryung/Desktop/buf/install/odrive_controller:/home/ryung/Desktop/dubal_ws/install/two_wheel_demo:/home/ryung/Desktop/dubal_ws/install/serial_reciver:/home/ryung/Desktop/dubal_ws/install/odrive_driver:/home/ryung/Desktop/dubal_ws/install/eye_dubal:/opt/ros/foxy /usr/bin/cmake --build /home/ryung/Desktop/buf/build/controller -- -j16 -l16
