[0.430s] Invoking command in '/home/ryung/Desktop/buf/build/controller': CMAKE_PREFIX_PATH=${CMAKE_PREFIX_PATH}:/home/ryung/Desktop/buf/install/serial_reciver:/home/ryung/Desktop/buf/install/odrive_controller:/home/ryung/Desktop/dubal_ws/install/two_wheel_demo:/home/ryung/Desktop/dubal_ws/install/serial_reciver:/home/ryung/Desktop/dubal_ws/install/odrive_driver:/home/ryung/Desktop/dubal_ws/install/eye_dubal:/opt/ros/foxy /usr/bin/cmake --build /home/ryung/Desktop/buf/build/controller -- -j16 -l16
[0.685s] [35m[1mScanning dependencies of target controller_main[0m
[0.686s] [ 50%] [32mBuilding CXX object CMakeFiles/controller_main.dir/src/controller_main.cpp.o[0m
[1.477s] [01m[K/home/ryung/Desktop/buf/src/controller/src/controller_main.cpp:[m[K In function â€˜[01m[Kvoid butterworth()[m[Kâ€™:
[1.477s] [01m[K/home/ryung/Desktop/buf/src/controller/src/controller_main.cpp:57:3:[m[K [01;31m[Kerror: [m[Kâ€˜[01m[Kwc[m[Kâ€™ was not declared in this scope
[1.477s]    57 |   [01;31m[Kwc[m[K = tan(M_PI * cut_off_freq_current * time_loop);
[1.477s]       |   [01;31m[K^~[m[K
[1.478s] [01m[K/home/ryung/Desktop/buf/src/controller/src/controller_main.cpp:57:19:[m[K [01;31m[Kerror: [m[Kâ€˜[01m[Kcut_off_freq_current[m[Kâ€™ was not declared in this scope
[1.478s]    57 |   wc = tan(M_PI * [01;31m[Kcut_off_freq_current[m[K * time_loop);
[1.478s]       |                   [01;31m[K^~~~~~~~~~~~~~~~~~~~[m[K
[1.479s] [01m[K/home/ryung/Desktop/buf/src/controller/src/controller_main.cpp:57:42:[m[K [01;31m[Kerror: [m[Kâ€˜[01m[Ktime_loop[m[Kâ€™ was not declared in this scope
[1.480s]    57 |   wc = tan(M_PI * cut_off_freq_current * [01;31m[Ktime_loop[m[K);
[1.480s]       |                                          [01;31m[K^~~~~~~~~[m[K
[1.480s] [01m[K/home/ryung/Desktop/buf/src/controller/src/controller_main.cpp:58:3:[m[K [01;31m[Kerror: [m[Kâ€˜[01m[Kwc2[m[Kâ€™ was not declared in this scope
[1.480s]    58 |   [01;31m[Kwc2[m[K = wc*wc;
[1.480s]       |   [01;31m[K^~~[m[K
[1.481s] [01m[K/home/ryung/Desktop/buf/src/controller/src/controller_main.cpp:60:3:[m[K [01;31m[Kerror: [m[Kâ€˜[01m[Kb0_2nd[m[Kâ€™ was not declared in this scope
[1.481s]    60 |   [01;31m[Kb0_2nd[m[K = (wc2) / (1 + sqrt(2)*wc + wc2);
[1.481s]       |   [01;31m[K^~~~~~[m[K
[1.482s] [01m[K/home/ryung/Desktop/buf/src/controller/src/controller_main.cpp:61:3:[m[K [01;31m[Kerror: [m[Kâ€˜[01m[Kb1_2nd[m[Kâ€™ was not declared in this scope
[1.482s]    61 |   [01;31m[Kb1_2nd[m[K = 2 * b0_2nd;
[1.482s]       |   [01;31m[K^~~~~~[m[K
[1.482s] [01m[K/home/ryung/Desktop/buf/src/controller/src/controller_main.cpp:62:3:[m[K [01;31m[Kerror: [m[Kâ€˜[01m[Kb2_2nd[m[Kâ€™ was not declared in this scope
[1.482s]    62 |   [01;31m[Kb2_2nd[m[K = b0_2nd;
[1.482s]       |   [01;31m[K^~~~~~[m[K
[1.483s] [01m[K/home/ryung/Desktop/buf/src/controller/src/controller_main.cpp:63:3:[m[K [01;31m[Kerror: [m[Kâ€˜[01m[Ka0_2nd[m[Kâ€™ was not declared in this scope
[1.483s]    63 |   [01;31m[Ka0_2nd[m[K = 1;
[1.483s]       |   [01;31m[K^~~~~~[m[K
[1.483s] [01m[K/home/ryung/Desktop/buf/src/controller/src/controller_main.cpp:64:3:[m[K [01;31m[Kerror: [m[Kâ€˜[01m[Ka1_2nd[m[Kâ€™ was not declared in this scope
[1.484s]    64 |   [01;31m[Ka1_2nd[m[K = 2 * (wc2 - 1) / (1 + sqrt(2) * wc + wc2);
[1.484s]       |   [01;31m[K^~~~~~[m[K
[1.484s] [01m[K/home/ryung/Desktop/buf/src/controller/src/controller_main.cpp:65:3:[m[K [01;31m[Kerror: [m[Kâ€˜[01m[Ka2_2nd[m[Kâ€™ was not declared in this scope
[1.484s]    65 |   [01;31m[Ka2_2nd[m[K = (1 - sqrt(2) * wc + wc2) / (1 + sqrt(2) * wc + wc2);
[1.484s]       |   [01;31m[K^~~~~~[m[K
[1.487s] [01m[K/home/ryung/Desktop/buf/src/controller/src/controller_main.cpp:68:3:[m[K [01;31m[Kerror: [m[Kâ€˜[01m[Kbw2_filtered_current_1_input[m[Kâ€™ was not declared in this scope
[1.487s]    68 |   [01;31m[Kbw2_filtered_current_1_input[m[K[2] = tau_measured[0];
[1.487s]       |   [01;31m[K^~~~~~~~~~~~~~~~~~~~~~~~~~~~[m[K
[1.489s] [01m[K/home/ryung/Desktop/buf/src/controller/src/controller_main.cpp:68:37:[m[K [01;31m[Kerror: [m[Kâ€˜[01m[Ktau_measured[m[Kâ€™ was not declared in this scope
[1.489s]    68 |   bw2_filtered_current_1_input[2] = [01;31m[Ktau_measured[m[K[0];
[1.489s]       |                                     [01;31m[K^~~~~~~~~~~~[m[K
[1.492s] [01m[K/home/ryung/Desktop/buf/src/controller/src/controller_main.cpp:70:3:[m[K [01;31m[Kerror: [m[Kâ€˜[01m[Kbw2_filtered_current_1_output[m[Kâ€™ was not declared in this scope
[1.492s]    70 |   [01;31m[Kbw2_filtered_current_1_output[m[K[2] = b0_2nd * bw2_filtered_current_1_input[2] + b1_2nd * bw2_filtered_current_1_input[1] + b2_2nd * bw2_filtered_current_1_input[0] - a1_2nd * bw2_filtered_current_1_output[1] - a2_2nd * bw2_filtered_current_1_output[0];
[1.492s]       |   [01;31m[K^~~~~~~~~~~~~~~~~~~~~~~~~~~~~[m[K
[2.664s] make[2]: *** [CMakeFiles/controller_main.dir/build.make:63: CMakeFiles/controller_main.dir/src/controller_main.cpp.o] Error 1
[2.664s] make[1]: *** [CMakeFiles/Makefile2:78: CMakeFiles/controller_main.dir/all] Error 2
[2.664s] make: *** [Makefile:141: all] Error 2
[2.665s] Invoked command in '/home/ryung/Desktop/buf/build/controller' returned '2': CMAKE_PREFIX_PATH=${CMAKE_PREFIX_PATH}:/home/ryung/Desktop/buf/install/serial_reciver:/home/ryung/Desktop/buf/install/odrive_controller:/home/ryung/Desktop/dubal_ws/install/two_wheel_demo:/home/ryung/Desktop/dubal_ws/install/serial_reciver:/home/ryung/Desktop/dubal_ws/install/odrive_driver:/home/ryung/Desktop/dubal_ws/install/eye_dubal:/opt/ros/foxy /usr/bin/cmake --build /home/ryung/Desktop/buf/build/controller -- -j16 -l16
