[ 50%] [32mBuilding CXX object CMakeFiles/controller_main.dir/src/controller_main.cpp.o[0m
[01m[K/home/ryung/Desktop/buf/src/controller/src/controller_main.cpp:113:1:[m[K [01;31m[Kerror: [m[Kâ€˜[01m[K::main[m[Kâ€™ must return â€˜[01m[Kint[m[Kâ€™
  113 | [01;31m[Kvoid[m[K main(int argc, char *argv[])
      | [01;31m[K^~~~[m[K
[01m[K/home/ryung/Desktop/buf/src/controller/src/controller_main.cpp:[m[K In function â€˜[01m[Kint main(int, char**)[m[Kâ€™:
[01m[K/home/ryung/Desktop/buf/src/controller/src/controller_main.cpp:168:9:[m[K [01;31m[Kerror: [m[Kâ€˜[01m[Kcontroller_main[m[Kâ€™ was not declared in this scope
  168 |         [01;31m[Kcontroller_main[m[K();
      |         [01;31m[K^~~~~~~~~~~~~~~[m[K
make[2]: *** [CMakeFiles/controller_main.dir/build.make:63: CMakeFiles/controller_main.dir/src/controller_main.cpp.o] Error 1
make[1]: *** [CMakeFiles/Makefile2:78: CMakeFiles/controller_main.dir/all] Error 2
make: *** [Makefile:141: all] Error 2
