[0.422s] Invoking command in '/home/ryung/Desktop/buf/build/controller': CMAKE_PREFIX_PATH=${CMAKE_PREFIX_PATH}:/home/ryung/Desktop/buf/install/serial_reciver:/home/ryung/Desktop/buf/install/odrive_controller:/home/ryung/Desktop/dubal_ws/install/two_wheel_demo:/home/ryung/Desktop/dubal_ws/install/serial_reciver:/home/ryung/Desktop/dubal_ws/install/odrive_driver:/home/ryung/Desktop/dubal_ws/install/eye_dubal:/opt/ros/foxy /usr/bin/cmake --build /home/ryung/Desktop/buf/build/controller -- -j16 -l16
[0.672s] [35m[1mScanning dependencies of target controller_main[0m
[0.672s] [ 50%] [32mBuilding CXX object CMakeFiles/controller_main.dir/src/controller_main.cpp.o[0m
[1.284s] In file included from [01m[K/home/ryung/Desktop/buf/src/controller/src/controller_main.cpp:5[m[K:
[1.284s] [01m[K/home/ryung/Desktop/buf/src/controller/include/controller_main.h:28:1:[m[K [01;31m[Kerror: [m[Kâ€˜[01m[KKp[m[Kâ€™ does not name a type
[1.284s]    28 | [01;31m[KKp[m[K = {0.0, 0.0, 0.0, 0.0};
[1.284s]       | [01;31m[K^~[m[K
[1.285s] [01m[K/home/ryung/Desktop/buf/src/controller/include/controller_main.h:29:1:[m[K [01;31m[Kerror: [m[Kâ€˜[01m[KKd[m[Kâ€™ does not name a type
[1.285s]    29 | [01;31m[KKd[m[K = {0.0, 0.0, 0.0, 0.0};
[1.285s]       | [01;31m[K^~[m[K
[1.285s] [01m[K/home/ryung/Desktop/buf/src/controller/include/controller_main.h:30:1:[m[K [01;31m[Kerror: [m[Kâ€˜[01m[KKi[m[Kâ€™ does not name a type
[1.285s]    30 | [01;31m[KKi[m[K = {0.0, 0.0, 0.0, 0.0};
[1.285s]       | [01;31m[K^~[m[K
[1.294s] In file included from [01m[K/home/ryung/Desktop/buf/src/controller/src/controller_main.cpp:6[m[K:
[1.294s] [01m[K/home/ryung/Desktop/buf/src/controller/include/controller_main_function.h:[m[K In function â€˜[01m[Kvoid sbus_callback(sensor_msgs::msg::JointState_<std::allocator<void> >::SharedPtr)[m[Kâ€™:
[1.294s] [01m[K/home/ryung/Desktop/buf/src/controller/include/controller_main_function.h:54:20:[m[K [01;31m[Kerror: [m[Kâ€˜[01m[KConnect_state[m[Kâ€™ was not declared in this scope; did you mean â€˜[01m[KConnect_stae[m[Kâ€™?
[1.294s]    54 |     if(ref[3]>0.4) [01;31m[KConnect_state[m[K=true;
[1.294s]       |                    [01;31m[K^~~~~~~~~~~~~[m[K
[1.294s]       |                    [32m[KConnect_stae[m[K
[1.295s] [01m[K/home/ryung/Desktop/buf/src/controller/include/controller_main_function.h:55:10:[m[K [01;31m[Kerror: [m[Kâ€˜[01m[KConnect_state[m[Kâ€™ was not declared in this scope; did you mean â€˜[01m[KConnect_stae[m[Kâ€™?
[1.295s]    55 |     else [01;31m[KConnect_state[m[K=false;
[1.295s]       |          [01;31m[K^~~~~~~~~~~~~[m[K
[1.295s]       |          [32m[KConnect_stae[m[K
[1.295s] [01m[K/home/ryung/Desktop/buf/src/controller/include/controller_main_function.h:59:20:[m[K [01;31m[Kerror: [m[Kâ€˜[01m[KKill_state[m[Kâ€™ was not declared in this scope; did you mean â€˜[01m[KKill_stae[m[Kâ€™?
[1.296s]    59 |     if(ref[4]>0.4) [01;31m[KKill_state[m[K=true;
[1.296s]       |                    [01;31m[K^~~~~~~~~~[m[K
[1.296s]       |                    [32m[KKill_stae[m[K
[1.296s] [01m[K/home/ryung/Desktop/buf/src/controller/include/controller_main_function.h:60:10:[m[K [01;31m[Kerror: [m[Kâ€˜[01m[KKill_state[m[Kâ€™ was not declared in this scope; did you mean â€˜[01m[KKill_stae[m[Kâ€™?
[1.296s]    60 |     else [01;31m[KKill_state[m[K=false;
[1.296s]       |          [01;31m[K^~~~~~~~~~[m[K
[1.296s]       |          [32m[KKill_stae[m[K
[1.297s] [01m[K/home/ryung/Desktop/buf/src/controller/include/controller_main_function.h:[m[K In function â€˜[01m[Kfloat computePID(float, float, float, int)[m[Kâ€™:
[1.297s] [01m[K/home/ryung/Desktop/buf/src/controller/include/controller_main_function.h:101:15:[m[K [01;31m[Kerror: [m[Kâ€˜[01m[KKp[m[Kâ€™ was not declared in this scope
[1.297s]   101 |     float P = [01;31m[KKp[m[K[PID_case] * error;
[1.297s]       |               [01;31m[K^~[m[K
[1.298s] [01m[K/home/ryung/Desktop/buf/src/controller/include/controller_main_function.h:104:20:[m[K [01;31m[Kerror: [m[Kâ€˜[01m[KKi[m[Kâ€™ was not declared in this scope
[1.298s]   104 |     I[PID_case] += [01;31m[KKi[m[K[PID_case] * error * dt;
[1.298s]       |                    [01;31m[K^~[m[K
[1.298s] [01m[K/home/ryung/Desktop/buf/src/controller/include/controller_main_function.h:109:45:[m[K [01;31m[Kerror: [m[Kâ€˜[01m[KKd[m[Kâ€™ was not declared in this scope
[1.298s]   109 |     D[PID_case] = lowpassfilter(D[PID_case],[01;31m[KKd[m[K[PID_case]*(0-vel),0.1);
[1.298s]       |                                             [01;31m[K^~[m[K
[1.305s] [01m[K/home/ryung/Desktop/buf/src/controller/src/controller_main.cpp:[m[K In function â€˜[01m[Kint main(int, char**)[m[Kâ€™:
[1.305s] [01m[K/home/ryung/Desktop/buf/src/controller/src/controller_main.cpp:20:10:[m[K [01;31m[Kerror: [m[Kconflicting declaration â€˜[01m[Kauto sbus_subscription[m[Kâ€™
[1.305s]    20 |     auto [01;31m[Ksbus_subscription[m[K = node->create_subscription<sensor_msgs::msg::JointState>("gps_data", 10, gps_callback);
[1.305s]       |          [01;31m[K^~~~~~~~~~~~~~~~~[m[K
[1.305s] [01m[K/home/ryung/Desktop/buf/src/controller/src/controller_main.cpp:19:10:[m[K [01;36m[Knote: [m[Kprevious declaration as â€˜[01m[Kstd::shared_ptr<rclcpp::Subscription<sensor_msgs::msg::JointState_<std::allocator<void> >, std::allocator<void>, rclcpp::message_memory_strategy::MessageMemoryStrategy<sensor_msgs::msg::JointState_<std::allocator<void> >, std::allocator<void> > > > sbus_subscription[m[Kâ€™
[1.305s]    19 |     auto [01;36m[Ksbus_subscription[m[K = node->create_subscription<sensor_msgs::msg::JointState>("sbus_data", 10, sbus_callback);
[1.305s]       |          [01;36m[K^~~~~~~~~~~~~~~~~[m[K
[1.309s] [01m[K/home/ryung/Desktop/buf/src/controller/src/controller_main.cpp:24:5:[m[K [01;31m[Kerror: [m[Kâ€˜[01m[Kodrive_msg_0[m[Kâ€™ was not declared in this scope
[1.309s]    24 |     [01;31m[Kodrive_msg_0[m[K.data.resize(1);
[1.309s]       |     [01;31m[K^~~~~~~~~~~~[m[K
[1.309s] [01m[K/home/ryung/Desktop/buf/src/controller/src/controller_main.cpp:28:77:[m[K [01;31m[Kerror: [m[Kâ€˜[01m[KJointState[m[Kâ€™ is not a member of â€˜[01m[Kstd_msgs::msg[m[Kâ€™; did you mean â€˜[01m[Ksensor_msgs::msg::JointState[m[Kâ€™?
[1.310s]    28 |     auto controller_input_publisher = node->create_publisher<std_msgs::msg::[01;31m[KJointState[m[K>("/controller_input_data", 10);
[1.310s]       |                                                                             [01;31m[K^~~~~~~~~~[m[K
[1.310s] In file included from [01m[K/opt/ros/foxy/include/sensor_msgs/msg/joint_state.hpp:7[m[K,
[1.310s]                  from [01m[K/home/ryung/Desktop/buf/src/controller/src/controller_main.cpp:2[m[K:
[1.310s] [01m[K/opt/ros/foxy/include/sensor_msgs/msg/detail/joint_state__struct.hpp:166:7:[m[K [01;36m[Knote: [m[Kâ€˜[01m[Ksensor_msgs::msg::JointState[m[Kâ€™ declared here
[1.310s]   166 | using [01;36m[KJointState[m[K =
[1.310s]       |       [01;36m[K^~~~~~~~~~[m[K
[1.310s] [01m[K/home/ryung/Desktop/buf/src/controller/src/controller_main.cpp:28:77:[m[K [01;31m[Kerror: [m[Kâ€˜[01m[KJointState[m[Kâ€™ is not a member of â€˜[01m[Kstd_msgs::msg[m[Kâ€™; did you mean â€˜[01m[Ksensor_msgs::msg::JointState[m[Kâ€™?
[1.310s]    28 |     auto controller_input_publisher = node->create_publisher<std_msgs::msg::[01;31m[KJointState[m[K>("/controller_input_data", 10);
[1.310s]       |                                                                             [01;31m[K^~~~~~~~~~[m[K
[1.310s] In file included from [01m[K/opt/ros/foxy/include/sensor_msgs/msg/joint_state.hpp:7[m[K,
[1.310s]                  from [01m[K/home/ryung/Desktop/buf/src/controller/src/controller_main.cpp:2[m[K:
[1.310s] [01m[K/opt/ros/foxy/include/sensor_msgs/msg/detail/joint_state__struct.hpp:166:7:[m[K [01;36m[Knote: [m[Kâ€˜[01m[Ksensor_msgs::msg::JointState[m[Kâ€™ declared here
[1.310s]   166 | using [01;36m[KJointState[m[K =
[1.311s]       |       [01;36m[K^~~~~~~~~~[m[K
[1.311s] [01m[K/home/ryung/Desktop/buf/src/controller/src/controller_main.cpp:28:117:[m[K [01;31m[Kerror: [m[Kno matching function for call to â€˜[01m[Krclcpp::Node::create_publisher<<expression error> >(const char [23], int)[m[Kâ€™
[1.311s]    28 |     auto controller_input_publisher = node->create_publisher<std_msgs::msg::JointState>("/controller_input_data", 10[01;31m[K)[m[K;
[1.311s]       |                                                                                                                     [01;31m[K^[m[K
[1.311s] In file included from [01m[K/opt/ros/foxy/include/rclcpp/node.hpp:1224[m[K,
[1.311s]                  from [01m[K/opt/ros/foxy/include/rclcpp/executors/single_threaded_executor.hpp:28[m[K,
[1.311s]                  from [01m[K/opt/ros/foxy/include/rclcpp/executors.hpp:22[m[K,
[1.311s]                  from [01m[K/opt/ros/foxy/include/rclcpp/rclcpp.hpp:146[m[K,
[1.311s]                  from [01m[K/home/ryung/Desktop/buf/src/controller/src/controller_main.cpp:1[m[K:
[1.311s] [01m[K/opt/ros/foxy/include/rclcpp/node_impl.hpp:71:1:[m[K [01;36m[Knote: [m[Kcandidate: â€˜[01m[Ktemplate<class MessageT, class AllocatorT, class PublisherT> std::shared_ptr<PublisherT> rclcpp::Node::create_publisher(const string&, const rclcpp::QoS&, const rclcpp::PublisherOptionsWithAllocator<AllocatorT>&)[m[Kâ€™
[1.311s]    71 | [01;36m[KNode[m[K::create_publisher(
[1.311s]       | [01;36m[K^~~~[m[K
[1.311s] [01m[K/opt/ros/foxy/include/rclcpp/node_impl.hpp:71:1:[m[K [01;36m[Knote: [m[K  template argument deduction/substitution failed:
[1.311s] [01m[K/home/ryung/Desktop/buf/src/controller/src/controller_main.cpp:28:117:[m[K [01;31m[Kerror: [m[Ktemplate argument 1 is invalid
[1.311s]    28 |     auto controller_input_publisher = node->create_publisher<std_msgs::msg::JointState>("/controller_input_data", 10[01;31m[K)[m[K;
[1.311s]       |                                                                                                                     [01;31m[K^[m[K
[1.311s] [01m[K/home/ryung/Desktop/buf/src/controller/src/controller_main.cpp:32:20:[m[K [01;31m[Kerror: [m[Kâ€˜[01m[KJointState[m[Kâ€™ is not a member of â€˜[01m[Kstd_msgs::msg[m[Kâ€™; did you mean â€˜[01m[Ksensor_msgs::msg::JointState[m[Kâ€™?
[1.311s]    32 |     std_msgs::msg::[01;31m[KJointState[m[K controller_input_data; //data plot
[1.311s]       |                    [01;31m[K^~~~~~~~~~[m[K
[1.311s] In file included from [01m[K/opt/ros/foxy/include/sensor_msgs/msg/joint_state.hpp:7[m[K,
[1.311s]                  from [01m[K/home/ryung/Desktop/buf/src/controller/src/controller_main.cpp:2[m[K:
[1.311s] [01m[K/opt/ros/foxy/include/sensor_msgs/msg/detail/joint_state__struct.hpp:166:7:[m[K [01;36m[Knote: [m[Kâ€˜[01m[Ksensor_msgs::msg::JointState[m[Kâ€™ declared here
[1.311s]   166 | using [01;36m[KJointState[m[K =
[1.311s]       |       [01;36m[K^~~~~~~~~~[m[K
[2.052s] make[2]: *** [CMakeFiles/controller_main.dir/build.make:63: CMakeFiles/controller_main.dir/src/controller_main.cpp.o] Error 1
[2.052s] make[1]: *** [CMakeFiles/Makefile2:78: CMakeFiles/controller_main.dir/all] Error 2
[2.052s] make: *** [Makefile:141: all] Error 2
[2.053s] Invoked command in '/home/ryung/Desktop/buf/build/controller' returned '2': CMAKE_PREFIX_PATH=${CMAKE_PREFIX_PATH}:/home/ryung/Desktop/buf/install/serial_reciver:/home/ryung/Desktop/buf/install/odrive_controller:/home/ryung/Desktop/dubal_ws/install/two_wheel_demo:/home/ryung/Desktop/dubal_ws/install/serial_reciver:/home/ryung/Desktop/dubal_ws/install/odrive_driver:/home/ryung/Desktop/dubal_ws/install/eye_dubal:/opt/ros/foxy /usr/bin/cmake --build /home/ryung/Desktop/buf/build/controller -- -j16 -l16
