[0.424s] Invoking command in '/home/ryung/Desktop/buf/build/controller': CMAKE_PREFIX_PATH=${CMAKE_PREFIX_PATH}:/home/ryung/Desktop/buf/install/serial_reciver:/home/ryung/Desktop/buf/install/odrive_controller:/home/ryung/Desktop/dubal_ws/install/two_wheel_demo:/home/ryung/Desktop/dubal_ws/install/serial_reciver:/home/ryung/Desktop/dubal_ws/install/odrive_driver:/home/ryung/Desktop/dubal_ws/install/eye_dubal:/opt/ros/foxy /usr/bin/cmake --build /home/ryung/Desktop/buf/build/controller -- -j16 -l16
[0.674s] [35m[1mScanning dependencies of target controller_main[0m
[0.674s] [ 50%] [32mBuilding CXX object CMakeFiles/controller_main.dir/src/controller_main.cpp.o[0m
[1.287s] [01m[K/home/ryung/Desktop/buf/src/controller/src/controller_main.cpp:[m[K In function â€˜[01m[Kvoid balancing_controller()[m[Kâ€™:
[1.287s] [01m[K/home/ryung/Desktop/buf/src/controller/src/controller_main.cpp:14:20:[m[K [01;31m[Kerror: [m[Kâ€˜[01m[Kradians[m[Kâ€™ is not a member of â€˜[01m[Kstd[m[Kâ€™
[1.287s]    14 |     ref_theta=std::[01;31m[Kradians[m[K(-3); //example
[1.287s]       |                    [01;31m[K^~~~~~~[m[K
[2.067s] make[2]: *** [CMakeFiles/controller_main.dir/build.make:63: CMakeFiles/controller_main.dir/src/controller_main.cpp.o] Error 1
[2.067s] make[1]: *** [CMakeFiles/Makefile2:78: CMakeFiles/controller_main.dir/all] Error 2
[2.067s] make: *** [Makefile:141: all] Error 2
[2.068s] Invoked command in '/home/ryung/Desktop/buf/build/controller' returned '2': CMAKE_PREFIX_PATH=${CMAKE_PREFIX_PATH}:/home/ryung/Desktop/buf/install/serial_reciver:/home/ryung/Desktop/buf/install/odrive_controller:/home/ryung/Desktop/dubal_ws/install/two_wheel_demo:/home/ryung/Desktop/dubal_ws/install/serial_reciver:/home/ryung/Desktop/dubal_ws/install/odrive_driver:/home/ryung/Desktop/dubal_ws/install/eye_dubal:/opt/ros/foxy /usr/bin/cmake --build /home/ryung/Desktop/buf/build/controller -- -j16 -l16
