[0.426s] Invoking command in '/home/ryung/Desktop/buf/build/controller': CMAKE_PREFIX_PATH=${CMAKE_PREFIX_PATH}:/home/ryung/Desktop/buf/install/serial_reciver:/home/ryung/Desktop/buf/install/odrive_controller:/home/ryung/Desktop/dubal_ws/install/two_wheel_demo:/home/ryung/Desktop/dubal_ws/install/serial_reciver:/home/ryung/Desktop/dubal_ws/install/odrive_driver:/home/ryung/Desktop/dubal_ws/install/eye_dubal:/opt/ros/foxy /usr/bin/cmake --build /home/ryung/Desktop/buf/build/controller -- -j16 -l16
[0.674s] [35m[1mScanning dependencies of target controller_main[0m
[0.674s] [ 50%] [32mBuilding CXX object CMakeFiles/controller_main.dir/src/controller_main.cpp.o[0m
[1.282s] In file included from [01m[K/home/ryung/Desktop/buf/src/controller/src/controller_main.cpp:5[m[K:
[1.282s] [01m[K/home/ryung/Desktop/buf/src/controller/include/controller_main.h:28:1:[m[K [01;31m[Kerror: [m[Kâ€˜[01m[KKp[m[Kâ€™ does not name a type
[1.283s]    28 | [01;31m[KKp[m[K = {0.0, 0.0, 0.0, 0.0};
[1.283s]       | [01;31m[K^~[m[K
[1.283s] [01m[K/home/ryung/Desktop/buf/src/controller/include/controller_main.h:29:1:[m[K [01;31m[Kerror: [m[Kâ€˜[01m[KKd[m[Kâ€™ does not name a type
[1.283s]    29 | [01;31m[KKd[m[K = {0.0, 0.0, 0.0, 0.0};
[1.283s]       | [01;31m[K^~[m[K
[1.283s] [01m[K/home/ryung/Desktop/buf/src/controller/include/controller_main.h:30:1:[m[K [01;31m[Kerror: [m[Kâ€˜[01m[KKi[m[Kâ€™ does not name a type
[1.283s]    30 | [01;31m[KKi[m[K = {0.0, 0.0, 0.0, 0.0};
[1.283s]       | [01;31m[K^~[m[K
[1.292s] In file included from [01m[K/home/ryung/Desktop/buf/src/controller/src/controller_main.cpp:6[m[K:
[1.292s] [01m[K/home/ryung/Desktop/buf/src/controller/include/controller_main_function.h:[m[K In function â€˜[01m[Kfloat computePID(float, float, float, int)[m[Kâ€™:
[1.292s] [01m[K/home/ryung/Desktop/buf/src/controller/include/controller_main_function.h:101:15:[m[K [01;31m[Kerror: [m[Kâ€˜[01m[KKp[m[Kâ€™ was not declared in this scope
[1.292s]   101 |     float P = [01;31m[KKp[m[K[PID_case] * error;
[1.292s]       |               [01;31m[K^~[m[K
[1.293s] [01m[K/home/ryung/Desktop/buf/src/controller/include/controller_main_function.h:104:20:[m[K [01;31m[Kerror: [m[Kâ€˜[01m[KKi[m[Kâ€™ was not declared in this scope
[1.293s]   104 |     I[PID_case] += [01;31m[KKi[m[K[PID_case] * error * dt;
[1.293s]       |                    [01;31m[K^~[m[K
[1.293s] [01m[K/home/ryung/Desktop/buf/src/controller/include/controller_main_function.h:109:45:[m[K [01;31m[Kerror: [m[Kâ€˜[01m[KKd[m[Kâ€™ was not declared in this scope
[1.293s]   109 |     D[PID_case] = lowpassfilter(D[PID_case],[01;31m[KKd[m[K[PID_case]*(0-vel),0.1);
[1.293s]       |                                             [01;31m[K^~[m[K
[1.299s] [01m[K/home/ryung/Desktop/buf/src/controller/src/controller_main.cpp:[m[K In function â€˜[01m[Kint main(int, char**)[m[Kâ€™:
[1.299s] [01m[K/home/ryung/Desktop/buf/src/controller/src/controller_main.cpp:20:10:[m[K [01;31m[Kerror: [m[Kconflicting declaration â€˜[01m[Kauto sbus_subscription[m[Kâ€™
[1.299s]    20 |     auto [01;31m[Ksbus_subscription[m[K = node->create_subscription<sensor_msgs::msg::JointState>("gps_data", 10, gps_callback);
[1.299s]       |          [01;31m[K^~~~~~~~~~~~~~~~~[m[K
[1.299s] [01m[K/home/ryung/Desktop/buf/src/controller/src/controller_main.cpp:19:10:[m[K [01;36m[Knote: [m[Kprevious declaration as â€˜[01m[Kstd::shared_ptr<rclcpp::Subscription<sensor_msgs::msg::JointState_<std::allocator<void> >, std::allocator<void>, rclcpp::message_memory_strategy::MessageMemoryStrategy<sensor_msgs::msg::JointState_<std::allocator<void> >, std::allocator<void> > > > sbus_subscription[m[Kâ€™
[1.300s]    19 |     auto [01;36m[Ksbus_subscription[m[K = node->create_subscription<sensor_msgs::msg::JointState>("sbus_data", 10, sbus_callback);
[1.300s]       |          [01;36m[K^~~~~~~~~~~~~~~~~[m[K
[1.303s] [01m[K/home/ryung/Desktop/buf/src/controller/src/controller_main.cpp:24:5:[m[K [01;31m[Kerror: [m[Kâ€˜[01m[Kodrive_msg_0[m[Kâ€™ was not declared in this scope
[1.303s]    24 |     [01;31m[Kodrive_msg_0[m[K.data.resize(1);
[1.303s]       |     [01;31m[K^~~~~~~~~~~~[m[K
[2.073s] make[2]: *** [CMakeFiles/controller_main.dir/build.make:63: CMakeFiles/controller_main.dir/src/controller_main.cpp.o] Error 1
[2.073s] make[1]: *** [CMakeFiles/Makefile2:78: CMakeFiles/controller_main.dir/all] Error 2
[2.073s] make: *** [Makefile:141: all] Error 2
[2.075s] Invoked command in '/home/ryung/Desktop/buf/build/controller' returned '2': CMAKE_PREFIX_PATH=${CMAKE_PREFIX_PATH}:/home/ryung/Desktop/buf/install/serial_reciver:/home/ryung/Desktop/buf/install/odrive_controller:/home/ryung/Desktop/dubal_ws/install/two_wheel_demo:/home/ryung/Desktop/dubal_ws/install/serial_reciver:/home/ryung/Desktop/dubal_ws/install/odrive_driver:/home/ryung/Desktop/dubal_ws/install/eye_dubal:/opt/ros/foxy /usr/bin/cmake --build /home/ryung/Desktop/buf/build/controller -- -j16 -l16
