[0.044s] Invoking command in '/home/ionia/Desktop/dubal_ws/build/controller': CMAKE_PREFIX_PATH=${CMAKE_PREFIX_PATH}:/home/ionia/Desktop/dubal_ws/install/serial_reciver:/home/ionia/Desktop/dubal_ws/install/odrive_controller:/opt/ros/foxy /usr/bin/cmake --build /home/ionia/Desktop/dubal_ws/build/controller -- -j4 -l4
[0.827s] [35m[1mScanning dependencies of target controller_main[0m
[0.838s] [ 50%] [32mBuilding CXX object CMakeFiles/controller_main.dir/src/controller_main.cpp.o[0m
[2.506s] [01m[K/home/ionia/Desktop/dubal_ws/src/controller/src/controller_main.cpp:[m[K In function â€˜[01m[Kvoid controller_main()[m[Kâ€™:
[2.506s] [01m[K/home/ionia/Desktop/dubal_ws/src/controller/src/controller_main.cpp:104:38:[m[K [01;31m[Kerror: [m[Kâ€˜[01m[Kref_theta[m[Kâ€™ was not declared in this scope; did you mean â€˜[01m[Kimu_theta[m[Kâ€™?
[2.506s]   104 |     float ref_theta_dot = computePID([01;31m[Kref_theta[m[K, imu_theta, dt, 1, 100.0, 0.0, 0.0);
[2.506s]       |                                      [01;31m[K^~~~~~~~~[m[K
[2.506s]       |                                      [32m[Kimu_theta[m[K
[5.533s] make[2]: *** [CMakeFiles/controller_main.dir/build.make:63: CMakeFiles/controller_main.dir/src/controller_main.cpp.o] Error 1
[5.534s] make[1]: *** [CMakeFiles/Makefile2:78: CMakeFiles/controller_main.dir/all] Error 2
[5.534s] make: *** [Makefile:141: all] Error 2
[5.539s] Invoked command in '/home/ionia/Desktop/dubal_ws/build/controller' returned '2': CMAKE_PREFIX_PATH=${CMAKE_PREFIX_PATH}:/home/ionia/Desktop/dubal_ws/install/serial_reciver:/home/ionia/Desktop/dubal_ws/install/odrive_controller:/opt/ros/foxy /usr/bin/cmake --build /home/ionia/Desktop/dubal_ws/build/controller -- -j4 -l4
