[0.436s] Invoking command in '/home/ryung/Desktop/buf/build/controller': CMAKE_PREFIX_PATH=${CMAKE_PREFIX_PATH}:/home/ryung/Desktop/buf/install/serial_reciver:/home/ryung/Desktop/buf/install/odrive_controller:/home/ryung/Desktop/dubal_ws/install/two_wheel_demo:/home/ryung/Desktop/dubal_ws/install/serial_reciver:/home/ryung/Desktop/dubal_ws/install/odrive_driver:/home/ryung/Desktop/dubal_ws/install/eye_dubal:/opt/ros/foxy /usr/bin/cmake --build /home/ryung/Desktop/buf/build/controller -- -j16 -l16
[0.705s] [35m[1mScanning dependencies of target controller_main[0m
[0.705s] [ 50%] [32mBuilding CXX object CMakeFiles/controller_main.dir/src/controller_main.cpp.o[0m
[1.336s] In file included from [01m[K/home/ryung/Desktop/buf/src/controller/src/controller_main.cpp:6[m[K:
[1.336s] [01m[K/home/ryung/Desktop/buf/src/controller/include/controller_main_function.h:[m[K In function â€˜[01m[Kvoid imu_callback(sensor_msgs::msg::JointState_<std::allocator<void> >::SharedPtr)[m[Kâ€™:
[1.336s] [01m[K/home/ryung/Desktop/buf/src/controller/include/controller_main_function.h:70:33:[m[K [01;31m[Kerror: [m[Kâ€˜[01m[Kimu_theta__dot[m[Kâ€™ was not declared in this scope; did you mean â€˜[01m[Kimu_theta_ddot[m[Kâ€™?
[1.336s]    70 |     imu_theta_dot=lowpassfilter([01;31m[Kimu_theta__dot[m[K, -msg->velocity[1], 0.001);
[1.336s]       |                                 [01;31m[K^~~~~~~~~~~~~~[m[K
[1.336s]       |                                 [32m[Kimu_theta_ddot[m[K
[1.337s] [01m[K/home/ryung/Desktop/buf/src/controller/include/controller_main_function.h:[m[K In function â€˜[01m[Kfloat computePID(float, float, float, float, int)[m[Kâ€™:
[1.337s] [01m[K/home/ryung/Desktop/buf/src/controller/include/controller_main_function.h:102:5:[m[K [01;31m[Kerror: [m[Kâ€˜[01m[KD[m[Kâ€™ was not declared in this scope
[1.337s]   102 |     [01;31m[KD[m[K = Kd[PID_case]*(0-y_dot);
[1.337s]       |     [01;31m[K^[m[K
[2.122s] make[2]: *** [CMakeFiles/controller_main.dir/build.make:63: CMakeFiles/controller_main.dir/src/controller_main.cpp.o] Error 1
[2.122s] make[1]: *** [CMakeFiles/Makefile2:78: CMakeFiles/controller_main.dir/all] Error 2
[2.122s] make: *** [Makefile:141: all] Error 2
[2.124s] Invoked command in '/home/ryung/Desktop/buf/build/controller' returned '2': CMAKE_PREFIX_PATH=${CMAKE_PREFIX_PATH}:/home/ryung/Desktop/buf/install/serial_reciver:/home/ryung/Desktop/buf/install/odrive_controller:/home/ryung/Desktop/dubal_ws/install/two_wheel_demo:/home/ryung/Desktop/dubal_ws/install/serial_reciver:/home/ryung/Desktop/dubal_ws/install/odrive_driver:/home/ryung/Desktop/dubal_ws/install/eye_dubal:/opt/ros/foxy /usr/bin/cmake --build /home/ryung/Desktop/buf/build/controller -- -j16 -l16
