[35m[1mScanning dependencies of target controller_main[0m
[ 50%] [32mBuilding CXX object CMakeFiles/controller_main.dir/src/controller_main.cpp.o[0m
[01m[K/home/ryung/Desktop/buf/src/controller/src/controller_main.cpp:[m[K In function â€˜[01m[Kvoid setup()[m[Kâ€™:
[01m[K/home/ryung/Desktop/buf/src/controller/src/controller_main.cpp:10:18:[m[K [01;31m[Kerror: [m[Kâ€˜[01m[Kargc[m[Kâ€™ was not declared in this scope
   10 |     rclcpp::init([01;31m[Kargc[m[K, argv);
      |                  [01;31m[K^~~~[m[K
[01m[K/home/ryung/Desktop/buf/src/controller/src/controller_main.cpp:10:24:[m[K [01;31m[Kerror: [m[Kâ€˜[01m[Kargv[m[Kâ€™ was not declared in this scope
   10 |     rclcpp::init(argc, [01;31m[Kargv[m[K);
      |                        [01;31m[K^~~~[m[K
[01m[K/home/ryung/Desktop/buf/src/controller/src/controller_main.cpp:[m[K In function â€˜[01m[Kint main(int, char**)[m[Kâ€™:
[01m[K/home/ryung/Desktop/buf/src/controller/src/controller_main.cpp:37:17:[m[K [01;31m[Kerror: [m[Kâ€˜[01m[Knode[m[Kâ€™ was not declared in this scope
   37 |     last_time = [01;31m[Knode[m[K->now();
      |                 [01;31m[K^~~~[m[K
[01m[K/home/ryung/Desktop/buf/src/controller/src/controller_main.cpp:69:9:[m[K [01;31m[Kerror: [m[Kâ€˜[01m[Kodrive_msg_0[m[Kâ€™ was not declared in this scope
   69 |         [01;31m[Kodrive_msg_0[m[K.data[0] = Motor_L_cmd;
      |         [01;31m[K^~~~~~~~~~~~[m[K
[01m[K/home/ryung/Desktop/buf/src/controller/src/controller_main.cpp:70:9:[m[K [01;31m[Kerror: [m[Kâ€˜[01m[Kodrive_publisher_0[m[Kâ€™ was not declared in this scope; did you mean â€˜[01m[Krcl_publisher_t[m[Kâ€™?
   70 |         [01;31m[Kodrive_publisher_0[m[K->publish(odrive_msg_0);
      |         [01;31m[K^~~~~~~~~~~~~~~~~~[m[K
      |         [32m[Krcl_publisher_t[m[K
[01m[K/home/ryung/Desktop/buf/src/controller/src/controller_main.cpp:81:9:[m[K [01;31m[Kerror: [m[Kâ€˜[01m[Kcontroller_input_publisher[m[Kâ€™ was not declared in this scope; did you mean â€˜[01m[Kcontroller_input_msg[m[Kâ€™?
   81 |         [01;31m[Kcontroller_input_publisher[m[K->publish(controller_input_msg);
      |         [01;31m[K^~~~~~~~~~~~~~~~~~~~~~~~~~[m[K
      |         [32m[Kcontroller_input_msg[m[K
make[2]: *** [CMakeFiles/controller_main.dir/build.make:63: CMakeFiles/controller_main.dir/src/controller_main.cpp.o] Error 1
make[1]: *** [CMakeFiles/Makefile2:78: CMakeFiles/controller_main.dir/all] Error 2
make: *** [Makefile:141: all] Error 2
