[0.419s] Invoking command in '/home/ryung/Desktop/buf/build/controller': CMAKE_PREFIX_PATH=${CMAKE_PREFIX_PATH}:/home/ryung/Desktop/buf/install/serial_reciver:/home/ryung/Desktop/buf/install/odrive_controller:/home/ryung/Desktop/dubal_ws/install/two_wheel_demo:/home/ryung/Desktop/dubal_ws/install/serial_reciver:/home/ryung/Desktop/dubal_ws/install/odrive_driver:/home/ryung/Desktop/dubal_ws/install/eye_dubal:/opt/ros/foxy /usr/bin/cmake --build /home/ryung/Desktop/buf/build/controller -- -j16 -l16
[0.664s] [35m[1mScanning dependencies of target controller_main[0m
[0.665s] [ 50%] [32mBuilding CXX object CMakeFiles/controller_main.dir/src/controller_main.cpp.o[0m
[1.277s] [01m[K/home/ryung/Desktop/buf/src/controller/src/controller_main.cpp:[m[K In function â€˜[01m[Kvoid setup()[m[Kâ€™:
[1.277s] [01m[K/home/ryung/Desktop/buf/src/controller/src/controller_main.cpp:10:18:[m[K [01;31m[Kerror: [m[Kâ€˜[01m[Kargc[m[Kâ€™ was not declared in this scope
[1.277s]    10 |     rclcpp::init([01;31m[Kargc[m[K, argv);
[1.277s]       |                  [01;31m[K^~~~[m[K
[1.278s] [01m[K/home/ryung/Desktop/buf/src/controller/src/controller_main.cpp:10:24:[m[K [01;31m[Kerror: [m[Kâ€˜[01m[Kargv[m[Kâ€™ was not declared in this scope
[1.278s]    10 |     rclcpp::init(argc, [01;31m[Kargv[m[K);
[1.278s]       |                        [01;31m[K^~~~[m[K
[1.288s] [01m[K/home/ryung/Desktop/buf/src/controller/src/controller_main.cpp:[m[K In function â€˜[01m[Kint main(int, char**)[m[Kâ€™:
[1.288s] [01m[K/home/ryung/Desktop/buf/src/controller/src/controller_main.cpp:37:17:[m[K [01;31m[Kerror: [m[Kâ€˜[01m[Knode[m[Kâ€™ was not declared in this scope
[1.288s]    37 |     last_time = [01;31m[Knode[m[K->now();
[1.288s]       |                 [01;31m[K^~~~[m[K
[1.290s] [01m[K/home/ryung/Desktop/buf/src/controller/src/controller_main.cpp:69:9:[m[K [01;31m[Kerror: [m[Kâ€˜[01m[Kodrive_msg_0[m[Kâ€™ was not declared in this scope
[1.290s]    69 |         [01;31m[Kodrive_msg_0[m[K.data[0] = Motor_L_cmd;
[1.290s]       |         [01;31m[K^~~~~~~~~~~~[m[K
[1.292s] [01m[K/home/ryung/Desktop/buf/src/controller/src/controller_main.cpp:70:9:[m[K [01;31m[Kerror: [m[Kâ€˜[01m[Kodrive_publisher_0[m[Kâ€™ was not declared in this scope; did you mean â€˜[01m[Krcl_publisher_t[m[Kâ€™?
[1.292s]    70 |         [01;31m[Kodrive_publisher_0[m[K->publish(odrive_msg_0);
[1.292s]       |         [01;31m[K^~~~~~~~~~~~~~~~~~[m[K
[1.292s]       |         [32m[Krcl_publisher_t[m[K
[1.295s] [01m[K/home/ryung/Desktop/buf/src/controller/src/controller_main.cpp:81:9:[m[K [01;31m[Kerror: [m[Kâ€˜[01m[Kcontroller_input_publisher[m[Kâ€™ was not declared in this scope; did you mean â€˜[01m[Kcontroller_input_msg[m[Kâ€™?
[1.295s]    81 |         [01;31m[Kcontroller_input_publisher[m[K->publish(controller_input_msg);
[1.295s]       |         [01;31m[K^~~~~~~~~~~~~~~~~~~~~~~~~~[m[K
[1.295s]       |         [32m[Kcontroller_input_msg[m[K
[2.054s] make[2]: *** [CMakeFiles/controller_main.dir/build.make:63: CMakeFiles/controller_main.dir/src/controller_main.cpp.o] Error 1
[2.054s] make[1]: *** [CMakeFiles/Makefile2:78: CMakeFiles/controller_main.dir/all] Error 2
[2.054s] make: *** [Makefile:141: all] Error 2
[2.056s] Invoked command in '/home/ryung/Desktop/buf/build/controller' returned '2': CMAKE_PREFIX_PATH=${CMAKE_PREFIX_PATH}:/home/ryung/Desktop/buf/install/serial_reciver:/home/ryung/Desktop/buf/install/odrive_controller:/home/ryung/Desktop/dubal_ws/install/two_wheel_demo:/home/ryung/Desktop/dubal_ws/install/serial_reciver:/home/ryung/Desktop/dubal_ws/install/odrive_driver:/home/ryung/Desktop/dubal_ws/install/eye_dubal:/opt/ros/foxy /usr/bin/cmake --build /home/ryung/Desktop/buf/build/controller -- -j16 -l16
