[0.422s] Invoking command in '/home/ryung/Desktop/buf/build/controller': CMAKE_PREFIX_PATH=${CMAKE_PREFIX_PATH}:/home/ryung/Desktop/buf/install/serial_reciver:/home/ryung/Desktop/buf/install/odrive_controller:/home/ryung/Desktop/dubal_ws/install/two_wheel_demo:/home/ryung/Desktop/dubal_ws/install/serial_reciver:/home/ryung/Desktop/dubal_ws/install/odrive_driver:/home/ryung/Desktop/dubal_ws/install/eye_dubal:/opt/ros/foxy /usr/bin/cmake --build /home/ryung/Desktop/buf/build/controller -- -j16 -l16
[0.671s] [35m[1mScanning dependencies of target controller_main[0m
[0.671s] [ 50%] [32mBuilding CXX object CMakeFiles/controller_main.dir/src/controller_main.cpp.o[0m
[1.049s] [01m[K/home/ryung/Desktop/buf/src/controller/src/controller_main.cpp:[m[K In function â€˜[01m[Kvoid controller_main()[m[Kâ€™:
[1.049s] [01m[K/home/ryung/Desktop/buf/src/controller/src/controller_main.cpp:119:64:[m[K [01;31m[Kerror: [m[Kâ€˜[01m[KKp1[m[Kâ€™ was not declared in this scope
[1.049s]   119 |     float ref_theta_dot = computePID(ref[2], imu_theta, dt, 1, [01;31m[KKp1[m[K, Ki1, Kd1); //ref_theta
[1.049s]       |                                                                [01;31m[K^~~[m[K
[1.049s] [01m[K/home/ryung/Desktop/buf/src/controller/src/controller_main.cpp:119:69:[m[K [01;31m[Kerror: [m[Kâ€˜[01m[KKi1[m[Kâ€™ was not declared in this scope
[1.049s]   119 |     float ref_theta_dot = computePID(ref[2], imu_theta, dt, 1, Kp1, [01;31m[KKi1[m[K, Kd1); //ref_theta
[1.049s]       |                                                                     [01;31m[K^~~[m[K
[1.050s] [01m[K/home/ryung/Desktop/buf/src/controller/src/controller_main.cpp:119:74:[m[K [01;31m[Kerror: [m[Kâ€˜[01m[KKd1[m[Kâ€™ was not declared in this scope
[1.050s]   119 |     float ref_theta_dot = computePID(ref[2], imu_theta, dt, 1, Kp1, Ki1, [01;31m[KKd1[m[K); //ref_theta
[1.050s]       |                                                                          [01;31m[K^~~[m[K
[1.050s] [01m[K/home/ryung/Desktop/buf/src/controller/src/controller_main.cpp:122:69:[m[K [01;31m[Kerror: [m[Kâ€˜[01m[KKp2[m[Kâ€™ was not declared in this scope
[1.050s]   122 |     balancing_CMD = computePID(ref_theta_dot, imu_theta_dot, dt, 2, [01;31m[KKp2[m[K, Ki2, Kd2); //ref_theta_dot
[1.050s]       |                                                                     [01;31m[K^~~[m[K
[1.051s] [01m[K/home/ryung/Desktop/buf/src/controller/src/controller_main.cpp:122:74:[m[K [01;31m[Kerror: [m[Kâ€˜[01m[KKi2[m[Kâ€™ was not declared in this scope
[1.051s]   122 |     balancing_CMD = computePID(ref_theta_dot, imu_theta_dot, dt, 2, Kp2, [01;31m[KKi2[m[K, Kd2); //ref_theta_dot
[1.051s]       |                                                                          [01;31m[K^~~[m[K
[1.051s] [01m[K/home/ryung/Desktop/buf/src/controller/src/controller_main.cpp:122:79:[m[K [01;31m[Kerror: [m[Kâ€˜[01m[KKd2[m[Kâ€™ was not declared in this scope
[1.051s]   122 |     balancing_CMD = computePID(ref_theta_dot, imu_theta_dot, dt, 2, Kp2, Ki2, [01;31m[KKd2[m[K); //ref_theta_dot
[1.051s]       |                                                                               [01;31m[K^~~[m[K
[1.051s] [01m[K/home/ryung/Desktop/buf/src/controller/src/controller_main.cpp:125:58:[m[K [01;31m[Kerror: [m[Kâ€˜[01m[KKp3[m[Kâ€™ was not declared in this scope
[1.051s]   125 |     heading_CMD = computePID(ref[0], imu_psi_dot, dt, 3, [01;31m[KKp3[m[K, Ki3, Kd3);
[1.051s]       |                                                          [01;31m[K^~~[m[K
[1.052s] [01m[K/home/ryung/Desktop/buf/src/controller/src/controller_main.cpp:125:63:[m[K [01;31m[Kerror: [m[Kâ€˜[01m[KKi3[m[Kâ€™ was not declared in this scope
[1.052s]   125 |     heading_CMD = computePID(ref[0], imu_psi_dot, dt, 3, Kp3, [01;31m[KKi3[m[K, Kd3);
[1.052s]       |                                                               [01;31m[K^~~[m[K
[1.052s] [01m[K/home/ryung/Desktop/buf/src/controller/src/controller_main.cpp:125:68:[m[K [01;31m[Kerror: [m[Kâ€˜[01m[KKd3[m[Kâ€™ was not declared in this scope
[1.052s]   125 |     heading_CMD = computePID(ref[0], imu_psi_dot, dt, 3, Kp3, Ki3, [01;31m[KKd3[m[K);
[1.052s]       |                                                                    [01;31m[K^~~[m[K
[1.057s] [01m[K/home/ryung/Desktop/buf/src/controller/src/controller_main.cpp:[m[K In function â€˜[01m[Kint main(int, char**)[m[Kâ€™:
[1.057s] [01m[K/home/ryung/Desktop/buf/src/controller/src/controller_main.cpp:161:5:[m[K [01;31m[Kerror: [m[Kâ€˜[01m[KKp0[m[Kâ€™ was not declared in this scope
[1.057s]   161 |     [01;31m[KKp0[m[K = node->get_parameter("Kp0").as_double();
[1.057s]       |     [01;31m[K^~~[m[K
[1.057s] [01m[K/home/ryung/Desktop/buf/src/controller/src/controller_main.cpp:162:5:[m[K [01;31m[Kerror: [m[Kâ€˜[01m[KKi0[m[Kâ€™ was not declared in this scope
[1.057s]   162 |     [01;31m[KKi0[m[K = node->get_parameter("Ki0").as_double();
[1.057s]       |     [01;31m[K^~~[m[K
[1.058s] [01m[K/home/ryung/Desktop/buf/src/controller/src/controller_main.cpp:163:5:[m[K [01;31m[Kerror: [m[Kâ€˜[01m[KKd0[m[Kâ€™ was not declared in this scope
[1.058s]   163 |     [01;31m[KKd0[m[K = node->get_parameter("Kd0").as_double();
[1.058s]       |     [01;31m[K^~~[m[K
[1.058s] [01m[K/home/ryung/Desktop/buf/src/controller/src/controller_main.cpp:164:5:[m[K [01;31m[Kerror: [m[Kâ€˜[01m[KKp1[m[Kâ€™ was not declared in this scope
[1.058s]   164 |     [01;31m[KKp1[m[K = node->get_parameter("Kp1").as_double();
[1.058s]       |     [01;31m[K^~~[m[K
[1.058s] [01m[K/home/ryung/Desktop/buf/src/controller/src/controller_main.cpp:165:5:[m[K [01;31m[Kerror: [m[Kâ€˜[01m[KKi1[m[Kâ€™ was not declared in this scope
[1.058s]   165 |     [01;31m[KKi1[m[K = node->get_parameter("Ki1").as_double();
[1.058s]       |     [01;31m[K^~~[m[K
[1.059s] [01m[K/home/ryung/Desktop/buf/src/controller/src/controller_main.cpp:166:5:[m[K [01;31m[Kerror: [m[Kâ€˜[01m[KKd1[m[Kâ€™ was not declared in this scope
[1.059s]   166 |     [01;31m[KKd1[m[K = node->get_parameter("Kd1").as_double();
[1.059s]       |     [01;31m[K^~~[m[K
[1.059s] [01m[K/home/ryung/Desktop/buf/src/controller/src/controller_main.cpp:167:5:[m[K [01;31m[Kerror: [m[Kâ€˜[01m[KKp2[m[Kâ€™ was not declared in this scope
[1.059s]   167 |     [01;31m[KKp2[m[K = node->get_parameter("Kp2").as_double();
[1.059s]       |     [01;31m[K^~~[m[K
[1.060s] [01m[K/home/ryung/Desktop/buf/src/controller/src/controller_main.cpp:168:5:[m[K [01;31m[Kerror: [m[Kâ€˜[01m[KKi2[m[Kâ€™ was not declared in this scope
[1.060s]   168 |     [01;31m[KKi2[m[K = node->get_parameter("Ki2").as_double();
[1.060s]       |     [01;31m[K^~~[m[K
[1.060s] [01m[K/home/ryung/Desktop/buf/src/controller/src/controller_main.cpp:169:5:[m[K [01;31m[Kerror: [m[Kâ€˜[01m[KKd2[m[Kâ€™ was not declared in this scope
[1.060s]   169 |     [01;31m[KKd2[m[K = node->get_parameter("Kd2").as_double();
[1.060s]       |     [01;31m[K^~~[m[K
[1.060s] [01m[K/home/ryung/Desktop/buf/src/controller/src/controller_main.cpp:170:5:[m[K [01;31m[Kerror: [m[Kâ€˜[01m[KKp3[m[Kâ€™ was not declared in this scope
[1.060s]   170 |     [01;31m[KKp3[m[K = node->get_parameter("Kp3").as_double();
[1.060s]       |     [01;31m[K^~~[m[K
[1.061s] [01m[K/home/ryung/Desktop/buf/src/controller/src/controller_main.cpp:171:5:[m[K [01;31m[Kerror: [m[Kâ€˜[01m[KKi3[m[Kâ€™ was not declared in this scope
[1.061s]   171 |     [01;31m[KKi3[m[K = node->get_parameter("Ki3").as_double();
[1.061s]       |     [01;31m[K^~~[m[K
[1.061s] [01m[K/home/ryung/Desktop/buf/src/controller/src/controller_main.cpp:172:5:[m[K [01;31m[Kerror: [m[Kâ€˜[01m[KKd3[m[Kâ€™ was not declared in this scope
[1.061s]   172 |     [01;31m[KKd3[m[K = node->get_parameter("Kd3").as_double();
[1.061s]       |     [01;31m[K^~~[m[K
[2.010s] make[2]: *** [CMakeFiles/controller_main.dir/build.make:63: CMakeFiles/controller_main.dir/src/controller_main.cpp.o] Error 1
[2.010s] make[1]: *** [CMakeFiles/Makefile2:78: CMakeFiles/controller_main.dir/all] Error 2
[2.011s] make: *** [Makefile:141: all] Error 2
[2.012s] Invoked command in '/home/ryung/Desktop/buf/build/controller' returned '2': CMAKE_PREFIX_PATH=${CMAKE_PREFIX_PATH}:/home/ryung/Desktop/buf/install/serial_reciver:/home/ryung/Desktop/buf/install/odrive_controller:/home/ryung/Desktop/dubal_ws/install/two_wheel_demo:/home/ryung/Desktop/dubal_ws/install/serial_reciver:/home/ryung/Desktop/dubal_ws/install/odrive_driver:/home/ryung/Desktop/dubal_ws/install/eye_dubal:/opt/ros/foxy /usr/bin/cmake --build /home/ryung/Desktop/buf/build/controller -- -j16 -l16
