In file included from [01m[K/opt/ros/foxy/include/rclcpp/client.hpp:40[m[K,
                 from [01m[K/opt/ros/foxy/include/rclcpp/callback_group.hpp:23[m[K,
                 from [01m[K/opt/ros/foxy/include/rclcpp/any_executable.hpp:20[m[K,
                 from [01m[K/opt/ros/foxy/include/rclcpp/memory_strategy.hpp:24[m[K,
                 from [01m[K/opt/ros/foxy/include/rclcpp/memory_strategies.hpp:18[m[K,
                 from [01m[K/opt/ros/foxy/include/rclcpp/executor_options.hpp:20[m[K,
                 from [01m[K/opt/ros/foxy/include/rclcpp/executor.hpp:33[m[K,
                 from [01m[K/opt/ros/foxy/include/rclcpp/executors/multi_threaded_executor.hpp:26[m[K,
                 from [01m[K/opt/ros/foxy/include/rclcpp/executors.hpp:21[m[K,
                 from [01m[K/opt/ros/foxy/include/rclcpp/rclcpp.hpp:146[m[K,
                 from [01m[K/home/ryung/Desktop/buf/src/controller/src/controller_main.cpp:1[m[K:
[01m[K/home/ryung/Desktop/buf/src/controller/src/controller_main.cpp:[m[K In function â€˜[01m[Kint main(int, char**)[m[Kâ€™:
[01m[K/home/ryung/Desktop/buf/src/controller/src/controller_main.cpp:105:148:[m[K [01;31m[Kerror: [m[Kexpected â€˜[01m[K)[m[Kâ€™ before â€˜[01m[K;[m[Kâ€™ token
  105 |         RCLCPP_INFO(rclcpp::get_logger("controller"), "heading=%f thrust=%f Connect=%f kill=%f u=%f", computePID(ref[1], dubal_vel_value, 0, dt, 0)[01;31m[K;[m[K, ref[1], ref[3], ref[4], Motor_L_cmd);
      |                                                                                                                                                    [01;31m[K^[m[K
[01m[K/home/ryung/Desktop/buf/src/controller/src/controller_main.cpp:105:9:[m[K [01;36m[Knote: [m[Kto match this â€˜[01m[K([m[Kâ€™
  105 |         [01;36m[KRCLCPP_INFO[m[K(rclcpp::get_logger("controller"), "heading=%f thrust=%f Connect=%f kill=%f u=%f", computePID(ref[1], dubal_vel_value, 0, dt, 0);, ref[1], ref[3], ref[4], Motor_L_cmd);
      |         [01;36m[K^~~~~~~~~~~[m[K
[01m[K/home/ryung/Desktop/buf/src/controller/src/controller_main.cpp:105:149:[m[K [01;31m[Kerror: [m[Kexpected primary-expression before â€˜[01m[K,[m[Kâ€™ token
  105 |         RCLCPP_INFO(rclcpp::get_logger("controller"), "heading=%f thrust=%f Connect=%f kill=%f u=%f", computePID(ref[1], dubal_vel_value, 0, dt, 0);[01;31m[K,[m[K ref[1], ref[3], ref[4], Motor_L_cmd);
      |                                                                                                                                                     [01;31m[K^[m[K
make[2]: *** [CMakeFiles/controller_main.dir/build.make:63: CMakeFiles/controller_main.dir/src/controller_main.cpp.o] Error 1
make[1]: *** [CMakeFiles/Makefile2:78: CMakeFiles/controller_main.dir/all] Error 2
make: *** [Makefile:141: all] Error 2
