[0.421s] Invoking command in '/home/ryung/Desktop/buf/build/controller': CMAKE_PREFIX_PATH=${CMAKE_PREFIX_PATH}:/home/ryung/Desktop/buf/install/serial_reciver:/home/ryung/Desktop/buf/install/odrive_controller:/home/ryung/Desktop/dubal_ws/install/two_wheel_demo:/home/ryung/Desktop/dubal_ws/install/serial_reciver:/home/ryung/Desktop/dubal_ws/install/odrive_driver:/home/ryung/Desktop/dubal_ws/install/eye_dubal:/opt/ros/foxy /usr/bin/cmake --build /home/ryung/Desktop/buf/build/controller -- -j16 -l16
[0.670s] [35m[1mScanning dependencies of target controller_main[0m
[0.670s] [ 50%] [32mBuilding CXX object CMakeFiles/controller_main.dir/src/controller_main.cpp.o[0m
[1.281s] In file included from [01m[K/home/ryung/Desktop/buf/src/controller/src/controller_main.cpp:5[m[K:
[1.281s] [01m[K/home/ryung/Desktop/buf/src/controller/include/controller_main.h:28:1:[m[K [01;31m[Kerror: [m[Kâ€˜[01m[KKp[m[Kâ€™ does not name a type
[1.281s]    28 | [01;31m[KKp[m[K = {0.0, 0.0, 0.0, 0.0};
[1.281s]       | [01;31m[K^~[m[K
[1.281s] [01m[K/home/ryung/Desktop/buf/src/controller/include/controller_main.h:29:1:[m[K [01;31m[Kerror: [m[Kâ€˜[01m[KKd[m[Kâ€™ does not name a type
[1.281s]    29 | [01;31m[KKd[m[K = {0.0, 0.0, 0.0, 0.0};
[1.282s]       | [01;31m[K^~[m[K
[1.282s] [01m[K/home/ryung/Desktop/buf/src/controller/include/controller_main.h:30:1:[m[K [01;31m[Kerror: [m[Kâ€˜[01m[KKi[m[Kâ€™ does not name a type
[1.282s]    30 | [01;31m[KKi[m[K = {0.0, 0.0, 0.0, 0.0};
[1.282s]       | [01;31m[K^~[m[K
[1.291s] In file included from [01m[K/home/ryung/Desktop/buf/src/controller/src/controller_main.cpp:6[m[K:
[1.291s] [01m[K/home/ryung/Desktop/buf/src/controller/include/controller_main_function.h:[m[K In function â€˜[01m[Kvoid sbus_callback(sensor_msgs::msg::JointState_<std::allocator<void> >::SharedPtr)[m[Kâ€™:
[1.291s] [01m[K/home/ryung/Desktop/buf/src/controller/include/controller_main_function.h:54:20:[m[K [01;31m[Kerror: [m[Kâ€˜[01m[KConnect_state[m[Kâ€™ was not declared in this scope; did you mean â€˜[01m[KConnect_stae[m[Kâ€™?
[1.291s]    54 |     if(ref[3]>0.4) [01;31m[KConnect_state[m[K=true;
[1.291s]       |                    [01;31m[K^~~~~~~~~~~~~[m[K
[1.291s]       |                    [32m[KConnect_stae[m[K
[1.292s] [01m[K/home/ryung/Desktop/buf/src/controller/include/controller_main_function.h:55:10:[m[K [01;31m[Kerror: [m[Kâ€˜[01m[KConnect_state[m[Kâ€™ was not declared in this scope; did you mean â€˜[01m[KConnect_stae[m[Kâ€™?
[1.292s]    55 |     else [01;31m[KConnect_state[m[K=false;
[1.292s]       |          [01;31m[K^~~~~~~~~~~~~[m[K
[1.292s]       |          [32m[KConnect_stae[m[K
[1.293s] [01m[K/home/ryung/Desktop/buf/src/controller/include/controller_main_function.h:59:20:[m[K [01;31m[Kerror: [m[Kâ€˜[01m[KKill_state[m[Kâ€™ was not declared in this scope; did you mean â€˜[01m[KKill_stae[m[Kâ€™?
[1.293s]    59 |     if(ref[4]>0.4) [01;31m[KKill_state[m[K=true;
[1.293s]       |                    [01;31m[K^~~~~~~~~~[m[K
[1.293s]       |                    [32m[KKill_stae[m[K
[1.293s] [01m[K/home/ryung/Desktop/buf/src/controller/include/controller_main_function.h:60:10:[m[K [01;31m[Kerror: [m[Kâ€˜[01m[KKill_state[m[Kâ€™ was not declared in this scope; did you mean â€˜[01m[KKill_stae[m[Kâ€™?
[1.293s]    60 |     else [01;31m[KKill_state[m[K=false;
[1.293s]       |          [01;31m[K^~~~~~~~~~[m[K
[1.293s]       |          [32m[KKill_stae[m[K
[1.294s] [01m[K/home/ryung/Desktop/buf/src/controller/include/controller_main_function.h:[m[K In function â€˜[01m[Kfloat computePID(float, float, float, int)[m[Kâ€™:
[1.294s] [01m[K/home/ryung/Desktop/buf/src/controller/include/controller_main_function.h:101:15:[m[K [01;31m[Kerror: [m[Kâ€˜[01m[KKp[m[Kâ€™ was not declared in this scope
[1.294s]   101 |     float P = [01;31m[KKp[m[K[PID_case] * error;
[1.294s]       |               [01;31m[K^~[m[K
[1.295s] [01m[K/home/ryung/Desktop/buf/src/controller/include/controller_main_function.h:104:20:[m[K [01;31m[Kerror: [m[Kâ€˜[01m[KKi[m[Kâ€™ was not declared in this scope
[1.295s]   104 |     I[PID_case] += [01;31m[KKi[m[K[PID_case] * error * dt;
[1.295s]       |                    [01;31m[K^~[m[K
[1.295s] [01m[K/home/ryung/Desktop/buf/src/controller/include/controller_main_function.h:109:45:[m[K [01;31m[Kerror: [m[Kâ€˜[01m[KKd[m[Kâ€™ was not declared in this scope
[1.295s]   109 |     D[PID_case] = lowpassfilter(D[PID_case],[01;31m[KKd[m[K[PID_case]*(0-vel),0.1);
[1.296s]       |                                             [01;31m[K^~[m[K
[1.302s] [01m[K/home/ryung/Desktop/buf/src/controller/src/controller_main.cpp:[m[K In function â€˜[01m[Kint main(int, char**)[m[Kâ€™:
[1.302s] [01m[K/home/ryung/Desktop/buf/src/controller/src/controller_main.cpp:20:10:[m[K [01;31m[Kerror: [m[Kconflicting declaration â€˜[01m[Kauto sbus_subscription[m[Kâ€™
[1.302s]    20 |     auto [01;31m[Ksbus_subscription[m[K = node->create_subscription<sensor_msgs::msg::JointState>("gps_data", 10, gps_callback);
[1.302s]       |          [01;31m[K^~~~~~~~~~~~~~~~~[m[K
[1.302s] [01m[K/home/ryung/Desktop/buf/src/controller/src/controller_main.cpp:19:10:[m[K [01;36m[Knote: [m[Kprevious declaration as â€˜[01m[Kstd::shared_ptr<rclcpp::Subscription<sensor_msgs::msg::JointState_<std::allocator<void> >, std::allocator<void>, rclcpp::message_memory_strategy::MessageMemoryStrategy<sensor_msgs::msg::JointState_<std::allocator<void> >, std::allocator<void> > > > sbus_subscription[m[Kâ€™
[1.302s]    19 |     auto [01;36m[Ksbus_subscription[m[K = node->create_subscription<sensor_msgs::msg::JointState>("sbus_data", 10, sbus_callback);
[1.303s]       |          [01;36m[K^~~~~~~~~~~~~~~~~[m[K
[1.306s] [01m[K/home/ryung/Desktop/buf/src/controller/src/controller_main.cpp:24:5:[m[K [01;31m[Kerror: [m[Kâ€˜[01m[Kodrive_msg_0[m[Kâ€™ was not declared in this scope
[1.306s]    24 |     [01;31m[Kodrive_msg_0[m[K.data.resize(1);
[1.307s]       |     [01;31m[K^~~~~~~~~~~~[m[K
[2.069s] make[2]: *** [CMakeFiles/controller_main.dir/build.make:63: CMakeFiles/controller_main.dir/src/controller_main.cpp.o] Error 1
[2.069s] make[1]: *** [CMakeFiles/Makefile2:78: CMakeFiles/controller_main.dir/all] Error 2
[2.069s] make: *** [Makefile:141: all] Error 2
[2.070s] Invoked command in '/home/ryung/Desktop/buf/build/controller' returned '2': CMAKE_PREFIX_PATH=${CMAKE_PREFIX_PATH}:/home/ryung/Desktop/buf/install/serial_reciver:/home/ryung/Desktop/buf/install/odrive_controller:/home/ryung/Desktop/dubal_ws/install/two_wheel_demo:/home/ryung/Desktop/dubal_ws/install/serial_reciver:/home/ryung/Desktop/dubal_ws/install/odrive_driver:/home/ryung/Desktop/dubal_ws/install/eye_dubal:/opt/ros/foxy /usr/bin/cmake --build /home/ryung/Desktop/buf/build/controller -- -j16 -l16
