[35m[1mScanning dependencies of target controller_main[0m
[ 50%] [32mBuilding CXX object CMakeFiles/controller_main.dir/src/controller_main.cpp.o[0m
[01m[K/home/ryung/Desktop/buf/src/controller/src/controller_main.cpp:[m[K In function â€˜[01m[Kint main(int, char**)[m[Kâ€™:
[01m[K/home/ryung/Desktop/buf/src/controller/src/controller_main.cpp:86:44:[m[K [01;31m[Kerror: [m[Kâ€˜[01m[Kdubal_vel_value[m[Kâ€™ was not declared in this scope; did you mean â€˜[01m[Kdubal_vel_callback[m[Kâ€™?
   86 |         controller_input_msg.velocity[0] = [01;31m[Kdubal_vel_value[m[K;
      |                                            [01;31m[K^~~~~~~~~~~~~~~[m[K
      |                                            [32m[Kdubal_vel_callback[m[K
make[2]: *** [CMakeFiles/controller_main.dir/build.make:63: CMakeFiles/controller_main.dir/src/controller_main.cpp.o] Error 1
make[1]: *** [CMakeFiles/Makefile2:78: CMakeFiles/controller_main.dir/all] Error 2
make: *** [Makefile:141: all] Error 2
