[0.421s] Invoking command in '/home/ryung/Desktop/buf/build/controller': CMAKE_PREFIX_PATH=${CMAKE_PREFIX_PATH}:/home/ryung/Desktop/buf/install/serial_reciver:/home/ryung/Desktop/buf/install/odrive_controller:/home/ryung/Desktop/dubal_ws/install/two_wheel_demo:/home/ryung/Desktop/dubal_ws/install/serial_reciver:/home/ryung/Desktop/dubal_ws/install/odrive_driver:/home/ryung/Desktop/dubal_ws/install/eye_dubal:/opt/ros/foxy /usr/bin/cmake --build /home/ryung/Desktop/buf/build/controller -- -j16 -l16
[0.672s] [35m[1mScanning dependencies of target controller_main[0m
[0.673s] [ 50%] [32mBuilding CXX object CMakeFiles/controller_main.dir/src/controller_main.cpp.o[0m
[1.069s] [01m[K/home/ryung/Desktop/buf/src/controller/src/controller_main.cpp:[m[K In function â€˜[01m[Kint main(int, char**)[m[Kâ€™:
[1.069s] [01m[K/home/ryung/Desktop/buf/src/controller/src/controller_main.cpp:86:44:[m[K [01;31m[Kerror: [m[Kâ€˜[01m[Kdubal_vel_value[m[Kâ€™ was not declared in this scope; did you mean â€˜[01m[Kdubal_vel_callback[m[Kâ€™?
[1.069s]    86 |         controller_input_msg.velocity[0] = [01;31m[Kdubal_vel_value[m[K;
[1.069s]       |                                            [01;31m[K^~~~~~~~~~~~~~~[m[K
[1.069s]       |                                            [32m[Kdubal_vel_callback[m[K
[1.860s] make[2]: *** [CMakeFiles/controller_main.dir/build.make:63: CMakeFiles/controller_main.dir/src/controller_main.cpp.o] Error 1
[1.861s] make[1]: *** [CMakeFiles/Makefile2:78: CMakeFiles/controller_main.dir/all] Error 2
[1.861s] make: *** [Makefile:141: all] Error 2
[1.863s] Invoked command in '/home/ryung/Desktop/buf/build/controller' returned '2': CMAKE_PREFIX_PATH=${CMAKE_PREFIX_PATH}:/home/ryung/Desktop/buf/install/serial_reciver:/home/ryung/Desktop/buf/install/odrive_controller:/home/ryung/Desktop/dubal_ws/install/two_wheel_demo:/home/ryung/Desktop/dubal_ws/install/serial_reciver:/home/ryung/Desktop/dubal_ws/install/odrive_driver:/home/ryung/Desktop/dubal_ws/install/eye_dubal:/opt/ros/foxy /usr/bin/cmake --build /home/ryung/Desktop/buf/build/controller -- -j16 -l16
